mode: set
beidar-desktop/internal/service/ai_service.go:40.76,44.2 1 1
beidar-desktop/internal/service/ai_service.go:46.120,47.26 1 1
beidar-desktop/internal/service/ai_service.go:47.26,49.3 1 1
beidar-desktop/internal/service/ai_service.go:51.2,52.16 2 1
beidar-desktop/internal/service/ai_service.go:52.16,55.3 2 1
beidar-desktop/internal/service/ai_service.go:58.2,59.20 2 1
beidar-desktop/internal/service/ai_service.go:59.20,61.3 1 0
beidar-desktop/internal/service/ai_service.go:64.2,67.24 3 1
beidar-desktop/internal/service/ai_service.go:67.24,69.26 2 0
beidar-desktop/internal/service/ai_service.go:69.26,71.4 1 0
beidar-desktop/internal/service/ai_service.go:73.3,73.41 1 0
beidar-desktop/internal/service/ai_service.go:73.41,75.4 1 0
beidar-desktop/internal/service/ai_service.go:78.3,79.40 2 0
beidar-desktop/internal/service/ai_service.go:79.40,80.31 1 0
beidar-desktop/internal/service/ai_service.go:80.31,82.5 1 0
beidar-desktop/internal/service/ai_service.go:84.8,86.26 2 1
beidar-desktop/internal/service/ai_service.go:86.26,88.4 1 1
beidar-desktop/internal/service/ai_service.go:90.3,90.41 1 1
beidar-desktop/internal/service/ai_service.go:90.41,92.4 1 0
beidar-desktop/internal/service/ai_service.go:95.3,96.42 2 1
beidar-desktop/internal/service/ai_service.go:96.42,97.31 1 1
beidar-desktop/internal/service/ai_service.go:97.31,99.5 1 0
beidar-desktop/internal/service/ai_service.go:103.2,108.12 5 1
beidar-desktop/internal/service/ai_service.go:108.12,109.16 1 1
beidar-desktop/internal/service/ai_service.go:109.16,111.32 2 1
beidar-desktop/internal/service/ai_service.go:111.32,113.5 1 0
beidar-desktop/internal/service/ai_service.go:117.3,118.40 2 1
beidar-desktop/internal/service/ai_service.go:118.40,119.11 1 1
beidar-desktop/internal/service/ai_service.go:120.22,122.11 2 0
beidar-desktop/internal/service/ai_service.go:123.12,123.12 0 1
beidar-desktop/internal/service/ai_service.go:127.4,132.26 3 1
beidar-desktop/internal/service/ai_service.go:132.26,135.5 2 0
beidar-desktop/internal/service/ai_service.go:135.10,138.5 2 1
beidar-desktop/internal/service/ai_service.go:140.4,140.44 1 1
beidar-desktop/internal/service/ai_service.go:140.44,142.43 2 0
beidar-desktop/internal/service/ai_service.go:142.43,143.11 1 0
beidar-desktop/internal/service/ai_service.go:145.5,145.13 1 0
beidar-desktop/internal/service/ai_service.go:149.4,150.18 2 1
beidar-desktop/internal/service/ai_service.go:150.18,154.5 2 0
beidar-desktop/internal/service/ai_service.go:157.4,157.40 1 1
beidar-desktop/internal/service/ai_service.go:157.40,160.5 2 0
beidar-desktop/internal/service/ai_service.go:163.4,164.42 2 1
beidar-desktop/internal/service/ai_service.go:164.42,165.10 1 1
beidar-desktop/internal/service/ai_service.go:170.3,170.21 1 1
beidar-desktop/internal/service/ai_service.go:170.21,172.4 1 1
beidar-desktop/internal/service/ai_service.go:172.9,174.4 1 0
beidar-desktop/internal/service/ai_service.go:177.2,177.12 1 1
beidar-desktop/internal/service/ai_service.go:180.36,183.23 3 1
beidar-desktop/internal/service/ai_service.go:183.23,186.3 2 1
beidar-desktop/internal/service/ai_service.go:190.72,192.27 2 1
beidar-desktop/internal/service/ai_service.go:192.27,194.3 1 1
beidar-desktop/internal/service/ai_service.go:196.2,196.22 1 1
beidar-desktop/internal/service/ai_service.go:196.22,197.22 1 1
beidar-desktop/internal/service/ai_service.go:197.22,199.4 1 0
beidar-desktop/internal/service/ai_service.go:200.3,200.12 1 1
beidar-desktop/internal/service/ai_service.go:204.2,208.27 4 1
beidar-desktop/internal/service/ai_service.go:208.27,210.20 2 1
beidar-desktop/internal/service/ai_service.go:210.20,212.4 1 1
beidar-desktop/internal/service/ai_service.go:215.2,215.23 1 0
beidar-desktop/internal/service/ai_service.go:219.74,221.66 2 1
beidar-desktop/internal/service/ai_service.go:221.66,223.3 1 1
beidar-desktop/internal/service/ai_service.go:224.2,224.40 1 1
beidar-desktop/internal/service/ai_service.go:224.40,225.33 1 1
beidar-desktop/internal/service/ai_service.go:225.33,227.4 1 1
beidar-desktop/internal/service/ai_service.go:231.2,231.26 1 1
beidar-desktop/internal/service/ai_service.go:231.26,232.86 1 1
beidar-desktop/internal/service/ai_service.go:232.86,233.27 1 1
beidar-desktop/internal/service/ai_service.go:233.27,234.35 1 1
beidar-desktop/internal/service/ai_service.go:234.35,236.6 1 1
beidar-desktop/internal/service/ai_service.go:242.2,242.26 1 1
beidar-desktop/internal/service/ai_service.go:242.26,243.55 1 1
beidar-desktop/internal/service/ai_service.go:243.55,245.4 1 1
beidar-desktop/internal/service/ai_service.go:248.2,248.26 1 1
beidar-desktop/internal/service/ai_service.go:248.26,250.3 1 0
beidar-desktop/internal/service/ai_service.go:253.2,255.24 3 1
beidar-desktop/internal/service/ai_service.go:259.72,261.62 2 1
beidar-desktop/internal/service/ai_service.go:261.62,263.3 1 1
beidar-desktop/internal/service/ai_service.go:266.2,266.26 1 1
beidar-desktop/internal/service/ai_service.go:266.26,267.88 1 1
beidar-desktop/internal/service/ai_service.go:267.88,268.27 1 1
beidar-desktop/internal/service/ai_service.go:268.27,269.35 1 1
beidar-desktop/internal/service/ai_service.go:269.35,271.6 1 1
beidar-desktop/internal/service/ai_service.go:277.2,277.26 1 1
beidar-desktop/internal/service/ai_service.go:277.26,278.53 1 0
beidar-desktop/internal/service/ai_service.go:278.53,280.4 1 0
beidar-desktop/internal/service/ai_service.go:284.2,284.26 1 1
beidar-desktop/internal/service/ai_service.go:284.26,285.48 1 0
beidar-desktop/internal/service/ai_service.go:285.48,287.4 1 0
beidar-desktop/internal/service/ai_service.go:290.2,290.26 1 1
beidar-desktop/internal/service/ai_service.go:290.26,292.3 1 0
beidar-desktop/internal/service/ai_service.go:295.2,297.24 3 1
beidar-desktop/internal/service/backup_service.go:25.118,30.2 1 1
beidar-desktop/internal/service/backup_service.go:33.37,35.16 2 1
beidar-desktop/internal/service/backup_service.go:35.16,37.3 1 0
beidar-desktop/internal/service/backup_service.go:38.2,39.53 2 1
beidar-desktop/internal/service/backup_service.go:39.53,41.3 1 0
beidar-desktop/internal/service/backup_service.go:42.2,42.23 1 1
beidar-desktop/internal/service/backup_service.go:45.70,50.16 4 1
beidar-desktop/internal/service/backup_service.go:50.16,53.3 2 0
beidar-desktop/internal/service/backup_service.go:55.2,56.16 2 1
beidar-desktop/internal/service/backup_service.go:56.16,59.3 2 0
beidar-desktop/internal/service/backup_service.go:61.2,62.16 2 1
beidar-desktop/internal/service/backup_service.go:62.16,65.3 2 0
beidar-desktop/internal/service/backup_service.go:67.2,71.65 4 1
beidar-desktop/internal/service/backup_service.go:71.65,74.3 2 0
beidar-desktop/internal/service/backup_service.go:76.2,80.16 4 1
beidar-desktop/internal/service/backup_service.go:80.16,82.3 1 1
beidar-desktop/internal/service/backup_service.go:83.2,85.20 2 1
beidar-desktop/internal/service/backup_service.go:88.68,90.16 2 1
beidar-desktop/internal/service/backup_service.go:90.16,92.3 1 0
beidar-desktop/internal/service/backup_service.go:94.2,95.16 2 1
beidar-desktop/internal/service/backup_service.go:95.16,97.3 1 0
beidar-desktop/internal/service/backup_service.go:99.2,100.29 2 1
beidar-desktop/internal/service/backup_service.go:100.29,101.63 1 1
beidar-desktop/internal/service/backup_service.go:101.63,102.12 1 0
beidar-desktop/internal/service/backup_service.go:105.3,106.17 2 1
beidar-desktop/internal/service/backup_service.go:106.17,107.12 1 0
beidar-desktop/internal/service/backup_service.go:110.3,115.5 1 1
beidar-desktop/internal/service/backup_service.go:118.2,118.42 1 1
beidar-desktop/internal/service/backup_service.go:118.42,120.3 1 0
beidar-desktop/internal/service/backup_service.go:122.2,122.21 1 1
beidar-desktop/internal/service/backup_service.go:125.60,127.16 2 1
beidar-desktop/internal/service/backup_service.go:127.16,129.3 1 0
beidar-desktop/internal/service/backup_service.go:131.2,132.16 2 1
beidar-desktop/internal/service/backup_service.go:132.16,134.3 1 0
beidar-desktop/internal/service/backup_service.go:136.2,137.16 2 1
beidar-desktop/internal/service/backup_service.go:137.16,139.3 1 0
beidar-desktop/internal/service/backup_service.go:141.2,142.71 2 1
beidar-desktop/internal/service/backup_service.go:142.71,144.3 1 0
beidar-desktop/internal/service/backup_service.go:146.2,146.27 1 1
beidar-desktop/internal/service/backup_service.go:149.64,151.16 2 1
beidar-desktop/internal/service/backup_service.go:151.16,153.3 1 0
beidar-desktop/internal/service/backup_service.go:155.2,156.16 2 1
beidar-desktop/internal/service/backup_service.go:156.16,158.3 1 0
beidar-desktop/internal/service/backup_service.go:160.2,161.56 2 1
beidar-desktop/internal/service/backup_service.go:161.56,163.3 1 0
beidar-desktop/internal/service/backup_service.go:165.2,165.54 1 1
beidar-desktop/internal/service/backup_service.go:165.54,167.3 1 0
beidar-desktop/internal/service/backup_service.go:169.2,169.12 1 1
beidar-desktop/internal/service/backup_service.go:172.63,174.16 2 1
beidar-desktop/internal/service/backup_service.go:174.16,176.3 1 0
beidar-desktop/internal/service/backup_service.go:177.2,177.33 1 1
beidar-desktop/internal/service/backup_service.go:180.70,181.21 1 1
beidar-desktop/internal/service/backup_service.go:181.21,183.3 1 1
beidar-desktop/internal/service/backup_service.go:185.2,186.16 2 1
beidar-desktop/internal/service/backup_service.go:186.16,188.3 1 0
beidar-desktop/internal/service/backup_service.go:190.2,193.33 3 1
beidar-desktop/internal/service/backup_service.go:193.33,195.17 2 1
beidar-desktop/internal/service/backup_service.go:195.17,196.12 1 0
beidar-desktop/internal/service/backup_service.go:199.3,199.32 1 1
beidar-desktop/internal/service/backup_service.go:199.32,200.54 1 0
beidar-desktop/internal/service/backup_service.go:200.54,202.5 1 0
beidar-desktop/internal/service/backup_service.go:206.2,206.21 1 1
beidar-desktop/internal/service/backup_service.go:209.47,211.2 1 1
beidar-desktop/internal/service/backup_service.go:213.74,215.2 1 1
beidar-desktop/internal/service/backup_service.go:217.74,219.2 1 1
beidar-desktop/internal/service/backup_service.go:222.78,224.16 2 1
beidar-desktop/internal/service/backup_service.go:224.16,226.3 1 0
beidar-desktop/internal/service/backup_service.go:228.2,243.46 4 1
beidar-desktop/internal/service/backup_service.go:243.46,245.3 1 0
beidar-desktop/internal/service/backup_service.go:247.2,247.29 1 1
beidar-desktop/internal/service/backup_service.go:247.29,259.43 2 1
beidar-desktop/internal/service/backup_service.go:259.43,261.4 1 0
beidar-desktop/internal/service/backup_service.go:264.2,271.8 3 1
beidar-desktop/internal/service/backup_service.go:275.113,284.16 4 1
beidar-desktop/internal/service/backup_service.go:284.16,288.3 3 0
beidar-desktop/internal/service/backup_service.go:290.2,290.22 1 1
beidar-desktop/internal/service/backup_service.go:290.22,294.3 3 0
beidar-desktop/internal/service/backup_service.go:297.2,324.31 5 1
beidar-desktop/internal/service/backup_service.go:324.31,326.41 2 1
beidar-desktop/internal/service/backup_service.go:326.41,329.4 2 1
beidar-desktop/internal/service/backup_service.go:329.9,331.4 1 0
beidar-desktop/internal/service/backup_service.go:334.2,335.14 2 1
beidar-desktop/internal/service/backup_service.go:335.14,336.23 1 1
beidar-desktop/internal/service/backup_service.go:336.23,340.4 3 0
beidar-desktop/internal/service/backup_service.go:341.3,341.25 1 1
beidar-desktop/internal/service/backup_service.go:342.8,356.3 2 0
beidar-desktop/internal/service/backup_service.go:358.2,363.16 4 1
beidar-desktop/internal/service/backup_service.go:363.16,364.30 1 1
beidar-desktop/internal/service/backup_service.go:364.30,365.36 1 1
beidar-desktop/internal/service/backup_service.go:365.36,367.5 1 1
beidar-desktop/internal/service/backup_service.go:371.2,371.65 1 1
beidar-desktop/internal/service/backup_service.go:371.65,374.35 2 1
beidar-desktop/internal/service/backup_service.go:374.35,376.16 2 1
beidar-desktop/internal/service/backup_service.go:376.16,378.5 1 1
beidar-desktop/internal/service/backup_service.go:380.4,380.38 1 1
beidar-desktop/internal/service/backup_service.go:380.38,381.60 1 1
beidar-desktop/internal/service/backup_service.go:381.60,383.6 1 1
beidar-desktop/internal/service/backup_service.go:384.5,384.14 1 1
beidar-desktop/internal/service/backup_service.go:387.4,398.18 11 1
beidar-desktop/internal/service/backup_service.go:398.18,401.13 3 0
beidar-desktop/internal/service/backup_service.go:404.4,405.35 2 1
beidar-desktop/internal/service/backup_service.go:405.35,408.13 3 0
beidar-desktop/internal/service/backup_service.go:411.4,423.21 10 1
beidar-desktop/internal/service/backup_service.go:423.21,424.43 1 1
beidar-desktop/internal/service/backup_service.go:424.43,427.6 2 0
beidar-desktop/internal/service/backup_service.go:430.4,430.31 1 1
beidar-desktop/internal/service/backup_service.go:430.31,441.58 10 0
beidar-desktop/internal/service/backup_service.go:441.58,444.14 3 0
beidar-desktop/internal/service/backup_service.go:446.5,447.72 2 0
beidar-desktop/internal/service/backup_service.go:448.10,448.39 1 1
beidar-desktop/internal/service/backup_service.go:448.39,450.13 2 0
beidar-desktop/internal/service/backup_service.go:451.10,467.54 3 1
beidar-desktop/internal/service/backup_service.go:467.54,470.14 3 0
beidar-desktop/internal/service/backup_service.go:472.5,473.67 2 1
beidar-desktop/internal/service/backup_service.go:476.3,476.13 1 1
beidar-desktop/internal/service/backup_service.go:477.19,479.3 1 0
beidar-desktop/internal/service/backup_service.go:481.2,482.20 2 1
beidar-desktop/internal/service/backup_service.go:486.49,518.2 8 1
beidar-desktop/internal/service/backup_service.go:520.66,522.16 2 1
beidar-desktop/internal/service/backup_service.go:522.16,524.3 1 0
beidar-desktop/internal/service/backup_service.go:526.2,526.24 1 1
beidar-desktop/internal/service/backup_service.go:526.24,528.3 1 0
beidar-desktop/internal/service/backup_service.go:530.2,533.29 3 1
beidar-desktop/internal/service/backup_service.go:533.29,535.17 2 1
beidar-desktop/internal/service/backup_service.go:535.17,537.12 2 0
beidar-desktop/internal/service/backup_service.go:540.3,540.44 1 1
beidar-desktop/internal/service/backup_service.go:540.44,542.51 2 1
beidar-desktop/internal/service/backup_service.go:542.51,544.13 2 0
beidar-desktop/internal/service/backup_service.go:546.4,546.14 1 1
beidar-desktop/internal/service/backup_service.go:550.2,550.18 1 1
beidar-desktop/internal/service/backup_service.go:550.18,552.3 1 1
beidar-desktop/internal/service/backup_service.go:554.2,554.22 1 1
beidar-desktop/internal/service/backup_service.go:557.83,561.16 3 1
beidar-desktop/internal/service/backup_service.go:561.16,563.3 1 0
beidar-desktop/internal/service/backup_service.go:565.2,570.16 5 1
beidar-desktop/internal/service/backup_service.go:570.16,572.3 1 1
beidar-desktop/internal/service/backup_service.go:574.2,574.19 1 1
beidar-desktop/internal/service/backup_service.go:578.44,581.13 3 1
beidar-desktop/internal/service/backup_service.go:581.13,583.3 1 1
beidar-desktop/internal/service/backup_service.go:584.2,584.34 1 1
beidar-desktop/internal/service/crm_service.go:25.21,31.2 1 1
beidar-desktop/internal/service/crm_service.go:33.64,35.2 1 1
beidar-desktop/internal/service/crm_service.go:37.79,39.2 1 1
beidar-desktop/internal/service/crm_service.go:41.60,42.21 1 1
beidar-desktop/internal/service/crm_service.go:42.21,50.3 1 1
beidar-desktop/internal/service/crm_service.go:52.2,52.19 1 1
beidar-desktop/internal/service/crm_service.go:52.19,54.39 2 1
beidar-desktop/internal/service/crm_service.go:54.39,62.4 1 0
beidar-desktop/internal/service/crm_service.go:64.3,65.59 2 1
beidar-desktop/internal/service/crm_service.go:65.59,73.4 1 1
beidar-desktop/internal/service/crm_service.go:76.2,76.16 1 1
beidar-desktop/internal/service/crm_service.go:76.16,78.18 2 1
beidar-desktop/internal/service/crm_service.go:78.18,86.4 1 1
beidar-desktop/internal/service/crm_service.go:88.3,88.51 1 1
beidar-desktop/internal/service/crm_service.go:88.51,90.4 1 0
beidar-desktop/internal/service/crm_service.go:91.3,92.13 2 1
beidar-desktop/internal/service/crm_service.go:96.2,97.16 2 0
beidar-desktop/internal/service/crm_service.go:97.16,105.3 1 0
beidar-desktop/internal/service/crm_service.go:107.2,107.50 1 0
beidar-desktop/internal/service/crm_service.go:107.50,109.3 1 0
beidar-desktop/internal/service/crm_service.go:110.2,111.12 2 0
beidar-desktop/internal/service/crm_service.go:114.66,116.16 2 1
beidar-desktop/internal/service/crm_service.go:116.16,124.3 1 0
beidar-desktop/internal/service/crm_service.go:126.2,127.16 2 1
beidar-desktop/internal/service/crm_service.go:127.16,129.3 1 0
beidar-desktop/internal/service/crm_service.go:130.2,130.28 1 1
beidar-desktop/internal/service/crm_service.go:130.28,137.3 1 0
beidar-desktop/internal/service/crm_service.go:139.2,139.23 1 1
beidar-desktop/internal/service/crm_service.go:139.23,140.13 1 1
beidar-desktop/internal/service/crm_service.go:140.13,148.4 1 1
beidar-desktop/internal/service/crm_service.go:149.3,149.104 1 1
beidar-desktop/internal/service/crm_service.go:152.2,152.50 1 1
beidar-desktop/internal/service/crm_service.go:152.50,154.3 1 0
beidar-desktop/internal/service/crm_service.go:155.2,156.12 2 1
beidar-desktop/internal/service/crm_service.go:159.64,161.2 1 1
beidar-desktop/internal/service/crm_service.go:163.62,164.23 1 1
beidar-desktop/internal/service/crm_service.go:164.23,172.3 1 0
beidar-desktop/internal/service/crm_service.go:174.2,174.21 1 1
beidar-desktop/internal/service/crm_service.go:174.21,176.41 2 1
beidar-desktop/internal/service/crm_service.go:176.41,184.4 1 0
beidar-desktop/internal/service/crm_service.go:187.2,187.18 1 1
beidar-desktop/internal/service/crm_service.go:187.18,190.3 2 1
beidar-desktop/internal/service/crm_service.go:191.2,191.36 1 0
beidar-desktop/internal/service/crm_service.go:194.66,196.16 2 1
beidar-desktop/internal/service/crm_service.go:196.16,204.3 1 0
beidar-desktop/internal/service/crm_service.go:206.2,207.16 2 1
beidar-desktop/internal/service/crm_service.go:207.16,209.3 1 0
beidar-desktop/internal/service/crm_service.go:211.2,211.22 1 1
beidar-desktop/internal/service/crm_service.go:211.22,212.13 1 1
beidar-desktop/internal/service/crm_service.go:212.13,220.4 1 1
beidar-desktop/internal/service/crm_service.go:222.3,222.69 1 1
beidar-desktop/internal/service/crm_service.go:222.69,224.4 1 0
beidar-desktop/internal/service/crm_service.go:227.2,227.34 1 1
beidar-desktop/internal/service/discount_service.go:17.88,19.2 1 1
beidar-desktop/internal/service/discount_service.go:21.69,23.16 2 1
beidar-desktop/internal/service/discount_service.go:23.16,25.3 1 0
beidar-desktop/internal/service/discount_service.go:26.2,26.23 1 1
beidar-desktop/internal/service/discount_service.go:29.75,32.16 3 1
beidar-desktop/internal/service/discount_service.go:32.16,34.3 1 0
beidar-desktop/internal/service/discount_service.go:35.2,35.23 1 1
beidar-desktop/internal/service/discount_service.go:38.76,40.16 2 1
beidar-desktop/internal/service/discount_service.go:40.16,42.3 1 1
beidar-desktop/internal/service/discount_service.go:43.2,43.22 1 1
beidar-desktop/internal/service/discount_service.go:46.87,47.16 1 1
beidar-desktop/internal/service/discount_service.go:47.16,49.3 1 1
beidar-desktop/internal/service/discount_service.go:50.2,53.58 3 1
beidar-desktop/internal/service/discount_service.go:53.58,55.3 1 0
beidar-desktop/internal/service/discount_service.go:56.2,56.16 1 1
beidar-desktop/internal/service/discount_service.go:59.67,61.16 2 1
beidar-desktop/internal/service/discount_service.go:61.16,63.3 1 0
beidar-desktop/internal/service/discount_service.go:64.2,64.12 1 1
beidar-desktop/internal/service/discount_service.go:67.59,69.16 2 1
beidar-desktop/internal/service/discount_service.go:69.16,71.3 1 0
beidar-desktop/internal/service/discount_service.go:72.2,72.12 1 1
beidar-desktop/internal/service/discount_service.go:75.65,77.16 2 1
beidar-desktop/internal/service/discount_service.go:77.16,79.3 1 0
beidar-desktop/internal/service/discount_service.go:80.2,82.16 3 1
beidar-desktop/internal/service/discount_service.go:82.16,84.3 1 0
beidar-desktop/internal/service/discount_service.go:85.2,85.12 1 1
beidar-desktop/internal/service/discount_service.go:88.81,91.16 3 1
beidar-desktop/internal/service/discount_service.go:91.16,93.3 1 1
beidar-desktop/internal/service/discount_service.go:94.2,94.22 1 1
beidar-desktop/internal/service/discount_service.go:97.58,99.16 2 1
beidar-desktop/internal/service/discount_service.go:99.16,101.3 1 0
beidar-desktop/internal/service/discount_service.go:102.2,102.12 1 1
beidar-desktop/internal/service/discount_service.go:105.133,107.16 2 1
beidar-desktop/internal/service/discount_service.go:107.16,109.3 1 0
beidar-desktop/internal/service/discount_service.go:112.2,112.51 1 1
beidar-desktop/internal/service/discount_service.go:112.51,114.3 1 1
beidar-desktop/internal/service/discount_service.go:116.2,118.16 2 1
beidar-desktop/internal/service/discount_service.go:119.20,120.48 1 1
beidar-desktop/internal/service/discount_service.go:121.15,122.45 1 1
beidar-desktop/internal/service/discount_service.go:123.18,124.33 1 1
beidar-desktop/internal/service/discount_service.go:124.33,126.4 1 1
beidar-desktop/internal/service/discount_service.go:127.18,128.33 1 1
beidar-desktop/internal/service/discount_service.go:128.33,130.4 1 1
beidar-desktop/internal/service/discount_service.go:131.10,132.145 1 0
beidar-desktop/internal/service/discount_service.go:136.2,136.57 1 1
beidar-desktop/internal/service/discount_service.go:136.57,138.3 1 1
beidar-desktop/internal/service/discount_service.go:140.2,140.28 1 1
beidar-desktop/internal/service/finance_service.go:34.25,44.2 1 1
beidar-desktop/internal/service/finance_service.go:46.78,48.2 1 1
beidar-desktop/internal/service/finance_service.go:50.62,51.19 1 1
beidar-desktop/internal/service/finance_service.go:51.19,59.3 1 0
beidar-desktop/internal/service/finance_service.go:61.2,61.22 1 1
beidar-desktop/internal/service/finance_service.go:61.22,69.3 1 0
beidar-desktop/internal/service/finance_service.go:71.2,71.16 1 1
beidar-desktop/internal/service/finance_service.go:71.16,74.3 2 1
beidar-desktop/internal/service/finance_service.go:75.2,75.40 1 0
beidar-desktop/internal/service/finance_service.go:78.57,80.16 2 1
beidar-desktop/internal/service/finance_service.go:80.16,88.3 1 0
beidar-desktop/internal/service/finance_service.go:89.2,89.40 1 1
beidar-desktop/internal/service/finance_service.go:92.69,94.2 1 1
beidar-desktop/internal/service/finance_service.go:96.64,97.21 1 1
beidar-desktop/internal/service/finance_service.go:97.21,105.3 1 0
beidar-desktop/internal/service/finance_service.go:107.2,107.16 1 1
beidar-desktop/internal/service/finance_service.go:107.16,110.3 2 1
beidar-desktop/internal/service/finance_service.go:111.2,111.41 1 0
beidar-desktop/internal/service/finance_service.go:114.70,116.16 2 1
beidar-desktop/internal/service/finance_service.go:116.16,124.3 1 0
beidar-desktop/internal/service/finance_service.go:126.2,127.16 2 1
beidar-desktop/internal/service/finance_service.go:127.16,129.3 1 0
beidar-desktop/internal/service/finance_service.go:131.2,131.22 1 1
beidar-desktop/internal/service/finance_service.go:131.22,132.13 1 1
beidar-desktop/internal/service/finance_service.go:132.13,140.4 1 1
beidar-desktop/internal/service/finance_service.go:141.3,141.88 1 1
beidar-desktop/internal/service/finance_service.go:141.88,143.4 1 0
beidar-desktop/internal/service/finance_service.go:146.2,146.41 1 1
beidar-desktop/internal/service/finance_service.go:149.75,151.16 2 1
beidar-desktop/internal/service/finance_service.go:151.16,153.3 1 0
beidar-desktop/internal/service/finance_service.go:154.2,154.26 1 1
beidar-desktop/internal/service/finance_service.go:154.26,156.3 1 0
beidar-desktop/internal/service/finance_service.go:157.2,157.19 1 1
beidar-desktop/internal/service/finance_service.go:160.82,162.16 2 1
beidar-desktop/internal/service/finance_service.go:162.16,164.3 1 0
beidar-desktop/internal/service/finance_service.go:166.2,168.64 2 1
beidar-desktop/internal/service/finance_service.go:168.64,170.3 1 1
beidar-desktop/internal/service/finance_service.go:170.8,170.55 1 0
beidar-desktop/internal/service/finance_service.go:170.55,172.17 2 0
beidar-desktop/internal/service/finance_service.go:172.17,174.4 1 0
beidar-desktop/internal/service/finance_service.go:175.3,175.40 1 0
beidar-desktop/internal/service/finance_service.go:178.2,178.42 1 1
beidar-desktop/internal/service/finance_service.go:181.67,183.16 2 1
beidar-desktop/internal/service/finance_service.go:183.16,185.3 1 0
beidar-desktop/internal/service/finance_service.go:187.2,187.26 1 1
beidar-desktop/internal/service/finance_service.go:187.26,189.3 1 1
beidar-desktop/internal/service/finance_service.go:191.2,192.24 2 0
beidar-desktop/internal/service/finance_service.go:195.116,197.16 2 1
beidar-desktop/internal/service/finance_service.go:197.16,199.3 1 0
beidar-desktop/internal/service/finance_service.go:200.2,200.21 1 1
beidar-desktop/internal/service/finance_service.go:200.21,202.3 1 0
beidar-desktop/internal/service/finance_service.go:204.2,214.49 2 1
beidar-desktop/internal/service/finance_service.go:214.49,216.3 1 0
beidar-desktop/internal/service/finance_service.go:218.2,219.20 2 1
beidar-desktop/internal/service/finance_service.go:222.119,224.58 2 1
beidar-desktop/internal/service/finance_service.go:224.58,227.17 3 1
beidar-desktop/internal/service/finance_service.go:227.17,229.4 1 0
beidar-desktop/internal/service/finance_service.go:231.3,232.29 2 1
beidar-desktop/internal/service/finance_service.go:232.29,234.4 1 0
beidar-desktop/internal/service/finance_service.go:236.3,237.17 2 1
beidar-desktop/internal/service/finance_service.go:237.17,239.4 1 0
beidar-desktop/internal/service/finance_service.go:241.3,251.50 9 1
beidar-desktop/internal/service/finance_service.go:251.50,253.4 1 0
beidar-desktop/internal/service/finance_service.go:255.3,256.13 2 1
beidar-desktop/internal/service/finance_service.go:259.2,259.16 1 1
beidar-desktop/internal/service/finance_service.go:259.16,261.3 1 0
beidar-desktop/internal/service/finance_service.go:262.2,262.20 1 1
beidar-desktop/internal/service/finance_service.go:265.66,267.16 2 1
beidar-desktop/internal/service/finance_service.go:267.16,269.3 1 0
beidar-desktop/internal/service/finance_service.go:270.2,270.18 1 1
beidar-desktop/internal/service/finance_service.go:270.18,272.3 1 0
beidar-desktop/internal/service/finance_service.go:274.2,275.16 2 1
beidar-desktop/internal/service/finance_service.go:275.16,277.3 1 0
beidar-desktop/internal/service/finance_service.go:279.2,280.19 2 1
beidar-desktop/internal/service/finance_service.go:283.148,285.58 2 1
beidar-desktop/internal/service/finance_service.go:285.58,288.17 3 1
beidar-desktop/internal/service/finance_service.go:288.17,290.4 1 0
beidar-desktop/internal/service/finance_service.go:291.3,291.29 1 1
beidar-desktop/internal/service/finance_service.go:291.29,293.4 1 0
beidar-desktop/internal/service/finance_service.go:295.3,306.63 2 1
beidar-desktop/internal/service/finance_service.go:306.63,308.4 1 0
beidar-desktop/internal/service/finance_service.go:310.3,311.13 2 1
beidar-desktop/internal/service/finance_service.go:314.2,314.16 1 1
beidar-desktop/internal/service/finance_service.go:314.16,316.3 1 0
beidar-desktop/internal/service/finance_service.go:317.2,317.19 1 1
beidar-desktop/internal/service/finance_service.go:320.91,322.2 1 1
beidar-desktop/internal/service/finance_service.go:324.77,326.2 1 1
beidar-desktop/internal/service/finance_service.go:328.105,329.28 1 1
beidar-desktop/internal/service/finance_service.go:329.28,331.3 1 0
beidar-desktop/internal/service/finance_service.go:332.2,332.27 1 1
beidar-desktop/internal/service/finance_service.go:332.27,334.3 1 0
beidar-desktop/internal/service/finance_service.go:336.2,342.29 6 1
beidar-desktop/internal/service/finance_service.go:342.29,343.35 1 1
beidar-desktop/internal/service/finance_service.go:343.35,345.4 1 0
beidar-desktop/internal/service/finance_service.go:346.3,346.35 1 1
beidar-desktop/internal/service/finance_service.go:346.35,348.4 1 0
beidar-desktop/internal/service/finance_service.go:349.3,352.42 4 1
beidar-desktop/internal/service/finance_service.go:354.2,357.16 3 1
beidar-desktop/internal/service/finance_service.go:357.16,359.3 1 1
beidar-desktop/internal/service/finance_service.go:361.2,362.20 2 1
beidar-desktop/internal/service/finance_service.go:365.110,367.2 1 1
beidar-desktop/internal/service/finance_service.go:369.85,371.2 1 1
beidar-desktop/internal/service/finance_service.go:373.80,375.16 2 1
beidar-desktop/internal/service/finance_service.go:375.16,377.3 1 0
beidar-desktop/internal/service/finance_service.go:379.2,379.47 1 1
beidar-desktop/internal/service/finance_service.go:379.47,381.3 1 0
beidar-desktop/internal/service/finance_service.go:383.2,384.29 2 1
beidar-desktop/internal/service/finance_service.go:384.29,385.35 1 1
beidar-desktop/internal/service/finance_service.go:385.35,387.4 1 0
beidar-desktop/internal/service/finance_service.go:388.3,388.35 1 1
beidar-desktop/internal/service/finance_service.go:388.35,390.4 1 0
beidar-desktop/internal/service/finance_service.go:391.3,393.42 3 1
beidar-desktop/internal/service/finance_service.go:395.2,397.61 2 1
beidar-desktop/internal/service/finance_service.go:397.61,399.71 2 1
beidar-desktop/internal/service/finance_service.go:399.71,401.4 1 0
beidar-desktop/internal/service/finance_service.go:402.3,402.39 1 1
beidar-desktop/internal/service/finance_service.go:406.63,408.16 2 1
beidar-desktop/internal/service/finance_service.go:408.16,410.3 1 0
beidar-desktop/internal/service/finance_service.go:412.2,412.44 1 1
beidar-desktop/internal/service/finance_service.go:412.44,414.3 1 0
beidar-desktop/internal/service/finance_service.go:416.2,416.61 1 1
beidar-desktop/internal/service/finance_service.go:416.61,418.65 2 1
beidar-desktop/internal/service/finance_service.go:418.65,420.4 1 0
beidar-desktop/internal/service/finance_service.go:421.3,421.35 1 1
beidar-desktop/internal/service/finance_service.go:425.63,427.16 2 1
beidar-desktop/internal/service/finance_service.go:427.16,429.3 1 1
beidar-desktop/internal/service/finance_service.go:431.2,431.86 1 1
beidar-desktop/internal/service/finance_service.go:431.86,433.3 1 1
beidar-desktop/internal/service/finance_service.go:435.2,436.37 2 1
beidar-desktop/internal/service/finance_service.go:439.103,440.61 1 1
beidar-desktop/internal/service/finance_service.go:440.61,445.17 4 1
beidar-desktop/internal/service/finance_service.go:445.17,447.4 1 0
beidar-desktop/internal/service/finance_service.go:449.3,449.46 1 1
beidar-desktop/internal/service/finance_service.go:449.46,451.4 1 1
beidar-desktop/internal/service/finance_service.go:452.3,452.47 1 1
beidar-desktop/internal/service/finance_service.go:452.47,454.4 1 1
beidar-desktop/internal/service/finance_service.go:456.3,459.17 3 1
beidar-desktop/internal/service/finance_service.go:459.17,461.4 1 0
beidar-desktop/internal/service/finance_service.go:463.3,464.29 2 1
beidar-desktop/internal/service/finance_service.go:464.29,466.4 1 1
beidar-desktop/internal/service/finance_service.go:468.3,469.37 2 1
beidar-desktop/internal/service/finance_service.go:469.37,470.35 1 1
beidar-desktop/internal/service/finance_service.go:470.35,472.5 1 1
beidar-desktop/internal/service/finance_service.go:474.3,476.17 3 1
beidar-desktop/internal/service/finance_service.go:476.17,477.34 1 1
beidar-desktop/internal/service/finance_service.go:477.34,479.5 1 1
beidar-desktop/internal/service/finance_service.go:482.3,482.37 1 1
beidar-desktop/internal/service/finance_service.go:482.37,483.36 1 1
beidar-desktop/internal/service/finance_service.go:483.36,484.13 1 0
beidar-desktop/internal/service/finance_service.go:487.4,488.15 2 1
beidar-desktop/internal/service/finance_service.go:488.15,489.13 1 0
beidar-desktop/internal/service/finance_service.go:492.4,493.22 2 1
beidar-desktop/internal/service/finance_service.go:493.22,494.13 1 0
beidar-desktop/internal/service/finance_service.go:496.4,497.22 2 1
beidar-desktop/internal/service/finance_service.go:497.22,498.13 1 0
beidar-desktop/internal/service/finance_service.go:500.4,500.29 1 1
beidar-desktop/internal/service/finance_service.go:500.29,502.5 1 0
beidar-desktop/internal/service/finance_service.go:504.4,505.93 2 1
beidar-desktop/internal/service/finance_service.go:505.93,507.5 1 0
beidar-desktop/internal/service/finance_service.go:510.4,512.86 2 1
beidar-desktop/internal/service/finance_service.go:512.86,514.5 1 0
beidar-desktop/internal/service/finance_service.go:516.4,517.65 2 1
beidar-desktop/internal/service/finance_service.go:517.65,519.5 1 1
beidar-desktop/internal/service/finance_service.go:521.4,529.71 2 1
beidar-desktop/internal/service/finance_service.go:529.71,531.5 1 0
beidar-desktop/internal/service/finance_service.go:533.4,533.43 1 1
beidar-desktop/internal/service/finance_service.go:533.43,535.5 1 1
beidar-desktop/internal/service/finance_service.go:538.3,539.35 2 1
beidar-desktop/internal/service/finance_service.go:539.35,540.40 1 1
beidar-desktop/internal/service/finance_service.go:540.40,542.5 1 1
beidar-desktop/internal/service/finance_service.go:543.4,543.28 1 1
beidar-desktop/internal/service/finance_service.go:543.28,545.5 1 1
beidar-desktop/internal/service/finance_service.go:548.3,548.18 1 1
beidar-desktop/internal/service/finance_service.go:548.18,551.55 3 1
beidar-desktop/internal/service/finance_service.go:551.55,553.5 1 0
beidar-desktop/internal/service/finance_service.go:554.9,554.31 1 1
beidar-desktop/internal/service/finance_service.go:554.31,556.55 2 1
beidar-desktop/internal/service/finance_service.go:556.55,558.5 1 0
beidar-desktop/internal/service/finance_service.go:561.3,561.13 1 1
beidar-desktop/internal/service/finance_service.go:563.2,563.43 1 1
beidar-desktop/internal/service/finance_service.go:563.43,565.3 1 1
beidar-desktop/internal/service/finance_service.go:566.2,566.12 1 1
beidar-desktop/internal/service/finance_service.go:569.102,571.16 2 1
beidar-desktop/internal/service/finance_service.go:571.16,573.3 1 0
beidar-desktop/internal/service/finance_service.go:575.2,576.24 2 1
beidar-desktop/internal/service/finance_service.go:576.24,578.3 1 0
beidar-desktop/internal/service/finance_service.go:580.2,580.61 1 1
beidar-desktop/internal/service/finance_service.go:580.61,585.54 4 1
beidar-desktop/internal/service/finance_service.go:585.54,587.4 1 0
beidar-desktop/internal/service/finance_service.go:589.3,589.80 1 1
beidar-desktop/internal/service/finance_service.go:589.80,591.4 1 0
beidar-desktop/internal/service/finance_service.go:593.3,593.13 1 1
beidar-desktop/internal/service/finance_service.go:597.86,599.2 1 1
beidar-desktop/internal/service/gemini_provider.go:16.156,30.31 3 1
beidar-desktop/internal/service/gemini_provider.go:30.31,36.3 1 1
beidar-desktop/internal/service/gemini_provider.go:38.2,39.16 2 1
beidar-desktop/internal/service/gemini_provider.go:39.16,41.3 1 0
beidar-desktop/internal/service/gemini_provider.go:43.2,44.16 2 1
beidar-desktop/internal/service/gemini_provider.go:44.16,46.3 1 0
beidar-desktop/internal/service/gemini_provider.go:48.2,56.16 5 1
beidar-desktop/internal/service/gemini_provider.go:56.16,58.3 1 1
beidar-desktop/internal/service/gemini_provider.go:59.2,61.38 2 1
beidar-desktop/internal/service/gemini_provider.go:61.38,64.3 2 1
beidar-desktop/internal/service/gemini_provider.go:66.2,68.6 3 0
beidar-desktop/internal/service/gemini_provider.go:68.6,70.17 2 0
beidar-desktop/internal/service/gemini_provider.go:70.17,72.4 1 0
beidar-desktop/internal/service/gemini_provider.go:73.3,73.54 1 0
beidar-desktop/internal/service/gemini_provider.go:73.54,75.9 2 0
beidar-desktop/internal/service/gemini_provider.go:79.2,80.16 2 0
beidar-desktop/internal/service/gemini_provider.go:80.16,82.3 1 0
beidar-desktop/internal/service/gemini_provider.go:84.2,96.22 3 0
beidar-desktop/internal/service/gemini_provider.go:96.22,98.18 2 0
beidar-desktop/internal/service/gemini_provider.go:98.18,99.11 1 0
beidar-desktop/internal/service/gemini_provider.go:100.22,101.28 1 0
beidar-desktop/internal/service/gemini_provider.go:102.12,102.12 0 0
beidar-desktop/internal/service/gemini_provider.go:105.4,106.45 2 0
beidar-desktop/internal/service/gemini_provider.go:106.45,108.5 1 0
beidar-desktop/internal/service/gemini_provider.go:109.4,109.79 1 0
beidar-desktop/internal/service/gemini_provider.go:109.79,111.24 2 0
beidar-desktop/internal/service/gemini_provider.go:111.24,113.6 1 0
beidar-desktop/internal/service/gemini_provider.go:116.3,116.21 1 0
beidar-desktop/internal/service/gemini_provider.go:117.8,119.44 2 0
beidar-desktop/internal/service/gemini_provider.go:119.44,121.4 1 0
beidar-desktop/internal/service/gemini_provider.go:122.3,122.78 1 0
beidar-desktop/internal/service/gemini_provider.go:122.78,124.23 2 0
beidar-desktop/internal/service/gemini_provider.go:124.23,126.5 1 0
beidar-desktop/internal/service/gemini_provider.go:130.2,130.12 1 0
beidar-desktop/internal/service/groq_provider.go:17.154,32.16 4 1
beidar-desktop/internal/service/groq_provider.go:32.16,34.3 1 0
beidar-desktop/internal/service/groq_provider.go:36.2,37.16 2 1
beidar-desktop/internal/service/groq_provider.go:37.16,39.3 1 0
beidar-desktop/internal/service/groq_provider.go:41.2,49.16 5 1
beidar-desktop/internal/service/groq_provider.go:49.16,51.3 1 1
beidar-desktop/internal/service/groq_provider.go:52.2,54.38 2 1
beidar-desktop/internal/service/groq_provider.go:54.38,57.3 2 1
beidar-desktop/internal/service/groq_provider.go:59.2,60.6 2 0
beidar-desktop/internal/service/groq_provider.go:60.6,62.17 2 0
beidar-desktop/internal/service/groq_provider.go:62.17,63.21 1 0
beidar-desktop/internal/service/groq_provider.go:63.21,64.10 1 0
beidar-desktop/internal/service/groq_provider.go:66.4,66.54 1 0
beidar-desktop/internal/service/groq_provider.go:69.3,70.17 2 0
beidar-desktop/internal/service/groq_provider.go:70.17,71.12 1 0
beidar-desktop/internal/service/groq_provider.go:74.3,74.41 1 0
beidar-desktop/internal/service/groq_provider.go:74.41,75.12 1 0
beidar-desktop/internal/service/groq_provider.go:78.3,79.26 2 0
beidar-desktop/internal/service/groq_provider.go:79.26,80.9 1 0
beidar-desktop/internal/service/groq_provider.go:83.3,91.65 2 0
beidar-desktop/internal/service/groq_provider.go:91.65,92.12 1 0
beidar-desktop/internal/service/groq_provider.go:95.3,95.29 1 0
beidar-desktop/internal/service/groq_provider.go:95.29,97.18 2 0
beidar-desktop/internal/service/groq_provider.go:97.18,99.5 1 0
beidar-desktop/internal/service/groq_provider.go:103.2,103.12 1 0
beidar-desktop/internal/service/payment_service.go:31.25,39.2 1 1
beidar-desktop/internal/service/payment_service.go:41.89,42.25 1 1
beidar-desktop/internal/service/payment_service.go:42.25,50.3 1 0
beidar-desktop/internal/service/payment_service.go:52.2,54.70 2 1
beidar-desktop/internal/service/payment_service.go:54.70,59.31 4 1
beidar-desktop/internal/service/payment_service.go:59.31,61.18 2 1
beidar-desktop/internal/service/payment_service.go:61.18,69.5 1 0
beidar-desktop/internal/service/payment_service.go:71.4,71.60 1 1
beidar-desktop/internal/service/payment_service.go:71.60,73.24 2 1
beidar-desktop/internal/service/payment_service.go:73.24,81.6 1 1
beidar-desktop/internal/service/payment_service.go:82.5,83.51 2 1
beidar-desktop/internal/service/payment_service.go:87.3,87.27 1 1
beidar-desktop/internal/service/payment_service.go:87.27,89.18 2 0
beidar-desktop/internal/service/payment_service.go:89.18,97.5 1 0
beidar-desktop/internal/service/payment_service.go:100.3,100.56 1 1
beidar-desktop/internal/service/payment_service.go:100.56,102.4 1 0
beidar-desktop/internal/service/payment_service.go:104.3,104.31 1 1
beidar-desktop/internal/service/payment_service.go:104.31,105.91 1 1
beidar-desktop/internal/service/payment_service.go:105.91,107.5 1 0
beidar-desktop/internal/service/payment_service.go:110.3,110.31 1 1
beidar-desktop/internal/service/payment_service.go:110.31,113.57 3 1
beidar-desktop/internal/service/payment_service.go:113.57,115.5 1 1
beidar-desktop/internal/service/payment_service.go:116.4,116.88 1 1
beidar-desktop/internal/service/payment_service.go:116.88,118.5 1 0
beidar-desktop/internal/service/payment_service.go:121.3,123.13 2 1
beidar-desktop/internal/service/payment_service.go:127.85,129.2 1 1
beidar-desktop/internal/service/payment_service.go:131.93,133.2 1 1
beidar-desktop/internal/service/payment_service.go:135.55,136.60 1 1
beidar-desktop/internal/service/payment_service.go:136.60,141.17 4 1
beidar-desktop/internal/service/payment_service.go:141.17,149.4 1 1
beidar-desktop/internal/service/payment_service.go:151.3,153.27 2 1
beidar-desktop/internal/service/payment_service.go:153.27,161.4 1 0
beidar-desktop/internal/service/payment_service.go:163.3,163.31 1 1
beidar-desktop/internal/service/payment_service.go:163.31,164.92 1 1
beidar-desktop/internal/service/payment_service.go:164.92,166.5 1 0
beidar-desktop/internal/service/payment_service.go:169.3,169.34 1 1
beidar-desktop/internal/service/payment_service.go:173.121,174.17 1 1
beidar-desktop/internal/service/payment_service.go:174.17,182.3 1 0
beidar-desktop/internal/service/payment_service.go:184.2,184.60 1 1
beidar-desktop/internal/service/payment_service.go:184.60,190.17 5 1
beidar-desktop/internal/service/payment_service.go:190.17,198.4 1 0
beidar-desktop/internal/service/payment_service.go:200.3,200.34 1 1
beidar-desktop/internal/service/payment_service.go:200.34,208.4 1 0
beidar-desktop/internal/service/payment_service.go:210.3,210.85 1 1
beidar-desktop/internal/service/payment_service.go:210.85,218.4 1 0
beidar-desktop/internal/service/payment_service.go:220.3,220.71 1 1
beidar-desktop/internal/service/payment_service.go:220.71,228.4 1 0
beidar-desktop/internal/service/payment_service.go:230.3,231.31 2 1
beidar-desktop/internal/service/payment_service.go:231.31,239.4 1 1
beidar-desktop/internal/service/payment_service.go:241.3,245.54 4 1
beidar-desktop/internal/service/payment_service.go:245.54,246.29 1 1
beidar-desktop/internal/service/payment_service.go:246.29,248.10 2 1
beidar-desktop/internal/service/payment_service.go:251.3,251.14 1 1
beidar-desktop/internal/service/payment_service.go:251.14,253.4 1 1
beidar-desktop/internal/service/payment_service.go:255.3,256.17 2 1
beidar-desktop/internal/service/payment_service.go:256.17,258.4 1 0
beidar-desktop/internal/service/payment_service.go:260.3,260.49 1 1
beidar-desktop/internal/service/payment_service.go:260.49,262.4 1 0
beidar-desktop/internal/service/payment_service.go:264.3,264.102 1 1
beidar-desktop/internal/service/payment_service.go:264.102,266.4 1 0
beidar-desktop/internal/service/payment_service.go:268.3,277.56 2 1
beidar-desktop/internal/service/payment_service.go:277.56,279.4 1 0
beidar-desktop/internal/service/payment_service.go:281.3,281.28 1 1
beidar-desktop/internal/service/payment_service.go:281.28,282.91 1 1
beidar-desktop/internal/service/payment_service.go:282.91,284.5 1 0
beidar-desktop/internal/service/payment_service.go:287.3,287.23 1 1
beidar-desktop/internal/service/payment_service.go:287.23,290.57 3 1
beidar-desktop/internal/service/payment_service.go:290.57,292.5 1 1
beidar-desktop/internal/service/payment_service.go:293.4,293.80 1 1
beidar-desktop/internal/service/payment_service.go:293.80,295.5 1 0
beidar-desktop/internal/service/payment_service.go:298.3,298.13 1 1
beidar-desktop/internal/service/payment_service.go:302.92,313.2 1 1
beidar-desktop/internal/service/payment_service.go:315.121,317.16 2 1
beidar-desktop/internal/service/payment_service.go:317.16,325.3 1 0
beidar-desktop/internal/service/payment_service.go:327.2,327.33 1 1
beidar-desktop/internal/service/payment_service.go:327.33,329.3 1 0
beidar-desktop/internal/service/payment_service.go:331.2,332.53 2 1
beidar-desktop/internal/service/payment_service.go:332.53,333.28 1 1
beidar-desktop/internal/service/payment_service.go:333.28,335.4 1 1
beidar-desktop/internal/service/payment_service.go:335.9,337.4 1 1
beidar-desktop/internal/service/payment_service.go:340.2,340.36 1 1
beidar-desktop/internal/service/payment_service.go:343.130,344.17 1 1
beidar-desktop/internal/service/payment_service.go:344.17,346.3 1 0
beidar-desktop/internal/service/payment_service.go:348.2,348.25 1 1
beidar-desktop/internal/service/payment_service.go:348.25,350.3 1 0
beidar-desktop/internal/service/payment_service.go:352.2,360.30 6 1
beidar-desktop/internal/service/payment_service.go:360.30,365.20 4 1
beidar-desktop/internal/service/payment_service.go:365.20,368.4 1 1
beidar-desktop/internal/service/payment_service.go:368.9,370.4 1 1
beidar-desktop/internal/service/payment_service.go:372.3,377.4 1 1
beidar-desktop/internal/service/payment_service.go:380.2,386.8 1 1
beidar-desktop/internal/service/payment_service.go:389.96,391.16 2 1
beidar-desktop/internal/service/payment_service.go:391.16,393.3 1 0
beidar-desktop/internal/service/payment_service.go:396.2,397.29 2 1
beidar-desktop/internal/service/payment_service.go:397.29,398.28 1 1
beidar-desktop/internal/service/payment_service.go:398.28,400.4 1 1
beidar-desktop/internal/service/payment_service.go:402.2,403.28 2 1
beidar-desktop/internal/service/payment_service.go:403.28,405.3 1 1
beidar-desktop/internal/service/payment_service.go:407.2,408.16 2 1
beidar-desktop/internal/service/payment_service.go:408.16,410.3 1 0
beidar-desktop/internal/service/payment_service.go:412.2,413.30 2 1
beidar-desktop/internal/service/payment_service.go:413.30,415.3 1 1
beidar-desktop/internal/service/payment_service.go:417.2,431.29 8 1
beidar-desktop/internal/service/payment_service.go:431.29,432.34 1 1
beidar-desktop/internal/service/payment_service.go:432.34,433.12 1 0
beidar-desktop/internal/service/payment_service.go:436.3,437.54 2 1
beidar-desktop/internal/service/payment_service.go:437.54,438.29 1 1
beidar-desktop/internal/service/payment_service.go:438.29,440.5 1 1
beidar-desktop/internal/service/payment_service.go:443.3,443.54 1 1
beidar-desktop/internal/service/payment_service.go:443.54,444.29 1 1
beidar-desktop/internal/service/payment_service.go:444.29,445.13 1 0
beidar-desktop/internal/service/payment_service.go:448.4,449.18 2 1
beidar-desktop/internal/service/payment_service.go:449.18,450.13 1 0
beidar-desktop/internal/service/payment_service.go:453.4,453.29 1 1
beidar-desktop/internal/service/payment_service.go:453.29,455.25 2 1
beidar-desktop/internal/service/payment_service.go:455.25,456.14 1 0
beidar-desktop/internal/service/payment_service.go:459.5,462.25 3 1
beidar-desktop/internal/service/payment_service.go:462.25,464.6 1 0
beidar-desktop/internal/service/payment_service.go:464.11,464.33 1 1
beidar-desktop/internal/service/payment_service.go:464.33,466.6 1 1
beidar-desktop/internal/service/payment_service.go:466.11,468.6 1 0
beidar-desktop/internal/service/payment_service.go:470.5,472.50 3 1
beidar-desktop/internal/service/payment_service.go:472.50,474.24 2 1
beidar-desktop/internal/service/payment_service.go:474.24,476.7 1 0
beidar-desktop/internal/service/payment_service.go:479.5,492.44 3 1
beidar-desktop/internal/service/payment_service.go:497.2,498.45 2 1
beidar-desktop/internal/service/payment_service.go:498.45,500.36 2 1
beidar-desktop/internal/service/payment_service.go:500.36,502.4 1 1
beidar-desktop/internal/service/payment_service.go:503.3,508.5 1 1
beidar-desktop/internal/service/payment_service.go:511.2,511.47 1 1
beidar-desktop/internal/service/payment_service.go:511.47,513.3 1 0
beidar-desktop/internal/service/payment_service.go:515.2,515.27 1 1
beidar-desktop/internal/service/payment_service.go:515.27,517.3 1 0
beidar-desktop/internal/service/payment_service.go:519.2,525.8 1 1
beidar-desktop/internal/service/print_service.go:15.120,20.2 1 1
beidar-desktop/internal/service/print_service.go:22.112,24.16 2 1
beidar-desktop/internal/service/print_service.go:24.16,26.3 1 0
beidar-desktop/internal/service/print_service.go:28.2,29.16 2 1
beidar-desktop/internal/service/print_service.go:29.16,31.3 1 0
beidar-desktop/internal/service/print_service.go:33.2,33.72 1 1
beidar-desktop/internal/service/print_service.go:36.78,38.2 1 1
beidar-desktop/internal/service/print_service.go:40.77,42.2 1 1
beidar-desktop/internal/service/print_service.go:44.60,46.2 1 1
beidar-desktop/internal/service/print_service.go:48.140,50.2 1 1
beidar-desktop/internal/service/print_service.go:52.62,54.2 1 1
beidar-desktop/internal/service/print_service.go:56.82,58.2 1 1
beidar-desktop/internal/service/product_service.go:23.77,28.2 1 1
beidar-desktop/internal/service/product_service.go:30.39,36.2 5 1
beidar-desktop/internal/service/product_service.go:38.69,40.68 2 1
beidar-desktop/internal/service/product_service.go:40.68,46.3 4 1
beidar-desktop/internal/service/product_service.go:47.2,50.16 3 1
beidar-desktop/internal/service/product_service.go:50.16,52.3 1 0
beidar-desktop/internal/service/product_service.go:54.2,58.29 5 1
beidar-desktop/internal/service/product_service.go:58.29,60.3 1 1
beidar-desktop/internal/service/product_service.go:61.2,64.22 3 1
beidar-desktop/internal/service/product_service.go:67.77,68.14 1 1
beidar-desktop/internal/service/product_service.go:68.14,70.3 1 1
beidar-desktop/internal/service/product_service.go:72.2,73.69 2 1
beidar-desktop/internal/service/product_service.go:73.69,74.43 1 0
beidar-desktop/internal/service/product_service.go:74.43,78.4 3 0
beidar-desktop/internal/service/product_service.go:80.2,83.16 3 1
beidar-desktop/internal/service/product_service.go:83.16,85.3 1 1
beidar-desktop/internal/service/product_service.go:86.2,86.18 1 1
beidar-desktop/internal/service/product_service.go:89.71,90.24 1 1
beidar-desktop/internal/service/product_service.go:90.24,92.3 1 1
beidar-desktop/internal/service/product_service.go:93.2,93.23 1 1
beidar-desktop/internal/service/product_service.go:93.23,95.3 1 1
beidar-desktop/internal/service/product_service.go:97.2,97.22 1 1
beidar-desktop/internal/service/product_service.go:97.22,99.3 1 1
beidar-desktop/internal/service/product_service.go:102.2,102.25 1 1
beidar-desktop/internal/service/product_service.go:102.25,104.35 2 0
beidar-desktop/internal/service/product_service.go:104.35,106.4 1 0
beidar-desktop/internal/service/product_service.go:109.2,110.16 2 1
beidar-desktop/internal/service/product_service.go:110.16,112.3 1 0
beidar-desktop/internal/service/product_service.go:113.2,114.12 2 1
beidar-desktop/internal/service/product_service.go:117.71,118.22 1 1
beidar-desktop/internal/service/product_service.go:118.22,120.3 1 1
beidar-desktop/internal/service/product_service.go:122.2,123.16 2 1
beidar-desktop/internal/service/product_service.go:123.16,125.3 1 1
beidar-desktop/internal/service/product_service.go:128.2,128.60 1 1
beidar-desktop/internal/service/product_service.go:128.60,130.64 2 0
beidar-desktop/internal/service/product_service.go:130.64,132.69 1 0
beidar-desktop/internal/service/product_service.go:132.69,134.5 1 0
beidar-desktop/internal/service/product_service.go:135.4,135.28 1 0
beidar-desktop/internal/service/product_service.go:139.2,140.16 2 1
beidar-desktop/internal/service/product_service.go:140.16,142.3 1 0
beidar-desktop/internal/service/product_service.go:143.2,144.12 2 1
beidar-desktop/internal/service/product_service.go:147.57,148.14 1 1
beidar-desktop/internal/service/product_service.go:148.14,150.3 1 1
beidar-desktop/internal/service/product_service.go:152.2,153.16 2 1
beidar-desktop/internal/service/product_service.go:153.16,155.3 1 1
beidar-desktop/internal/service/product_service.go:158.2,158.65 1 1
beidar-desktop/internal/service/product_service.go:158.65,160.3 1 0
beidar-desktop/internal/service/product_service.go:162.2,163.16 2 1
beidar-desktop/internal/service/product_service.go:163.16,165.3 1 0
beidar-desktop/internal/service/product_service.go:166.2,167.12 2 1
beidar-desktop/internal/service/product_service.go:170.81,172.68 2 1
beidar-desktop/internal/service/product_service.go:172.68,175.33 3 1
beidar-desktop/internal/service/product_service.go:175.33,176.103 1 1
beidar-desktop/internal/service/product_service.go:176.103,178.5 1 1
beidar-desktop/internal/service/product_service.go:180.3,181.22 2 1
beidar-desktop/internal/service/product_service.go:183.2,186.16 3 0
beidar-desktop/internal/service/product_service.go:186.16,188.3 1 0
beidar-desktop/internal/service/product_service.go:189.2,189.21 1 0
beidar-desktop/internal/service/product_service.go:192.78,194.16 2 1
beidar-desktop/internal/service/product_service.go:194.16,196.3 1 0
beidar-desktop/internal/service/product_service.go:197.2,197.23 1 1
beidar-desktop/internal/service/product_service.go:200.136,210.16 3 1
beidar-desktop/internal/service/product_service.go:210.16,212.3 1 0
beidar-desktop/internal/service/product_service.go:213.2,213.12 1 1
beidar-desktop/internal/service/sale_service.go:16.102,24.2 1 1
beidar-desktop/internal/service/sale_service.go:26.46,34.2 1 1
beidar-desktop/internal/service/sale_service.go:36.41,44.2 1 1
beidar-desktop/internal/service/sale_service.go:46.54,54.2 1 1
beidar-desktop/internal/service/sale_service.go:56.47,64.2 1 1
beidar-desktop/internal/service/sale_service.go:66.68,74.2 1 1
beidar-desktop/internal/service/sale_service.go:76.52,84.2 1 1
beidar-desktop/internal/service/sale_service.go:86.97,94.2 1 1
beidar-desktop/internal/service/sale_service.go:115.22,125.2 1 1
beidar-desktop/internal/service/sale_service.go:127.143,129.2 1 1
beidar-desktop/internal/service/sale_service.go:131.64,133.2 1 1
beidar-desktop/internal/service/sale_service.go:135.60,137.26 1 1
beidar-desktop/internal/service/sale_service.go:137.26,139.3 1 0
beidar-desktop/internal/service/sale_service.go:141.2,141.19 1 1
beidar-desktop/internal/service/sale_service.go:141.19,143.3 1 1
beidar-desktop/internal/service/sale_service.go:145.2,145.27 1 1
beidar-desktop/internal/service/sale_service.go:145.27,146.37 1 1
beidar-desktop/internal/service/sale_service.go:146.37,154.4 1 1
beidar-desktop/internal/service/sale_service.go:155.3,155.42 1 1
beidar-desktop/internal/service/sale_service.go:155.42,163.4 1 1
beidar-desktop/internal/service/sale_service.go:164.3,164.64 1 1
beidar-desktop/internal/service/sale_service.go:164.64,165.79 1 1
beidar-desktop/internal/service/sale_service.go:165.79,173.5 1 1
beidar-desktop/internal/service/sale_service.go:177.2,177.34 1 1
beidar-desktop/internal/service/sale_service.go:177.34,178.25 1 1
beidar-desktop/internal/service/sale_service.go:178.25,180.4 1 1
beidar-desktop/internal/service/sale_service.go:181.3,181.33 1 1
beidar-desktop/internal/service/sale_service.go:181.33,183.4 1 1
beidar-desktop/internal/service/sale_service.go:184.3,185.33 2 1
beidar-desktop/internal/service/sale_service.go:185.33,187.4 1 1
beidar-desktop/internal/service/sale_service.go:192.2,193.55 2 1
beidar-desktop/internal/service/sale_service.go:193.55,195.3 1 1
beidar-desktop/internal/service/sale_service.go:197.2,197.57 1 1
beidar-desktop/internal/service/sale_service.go:197.57,208.35 9 1
beidar-desktop/internal/service/sale_service.go:208.35,210.4 1 1
beidar-desktop/internal/service/sale_service.go:211.3,212.17 2 1
beidar-desktop/internal/service/sale_service.go:212.17,214.4 1 0
beidar-desktop/internal/service/sale_service.go:215.3,216.27 2 1
beidar-desktop/internal/service/sale_service.go:216.27,218.4 1 1
beidar-desktop/internal/service/sale_service.go:220.3,220.35 1 1
beidar-desktop/internal/service/sale_service.go:220.35,222.11 2 1
beidar-desktop/internal/service/sale_service.go:222.11,224.5 1 1
beidar-desktop/internal/service/sale_service.go:226.4,226.37 1 1
beidar-desktop/internal/service/sale_service.go:226.37,228.5 1 1
beidar-desktop/internal/service/sale_service.go:230.4,233.54 3 1
beidar-desktop/internal/service/sale_service.go:233.54,235.5 1 1
beidar-desktop/internal/service/sale_service.go:237.4,249.18 10 1
beidar-desktop/internal/service/sale_service.go:249.18,250.52 1 0
beidar-desktop/internal/service/sale_service.go:250.52,252.6 1 0
beidar-desktop/internal/service/sale_service.go:253.5,253.15 1 0
beidar-desktop/internal/service/sale_service.go:256.4,264.71 2 1
beidar-desktop/internal/service/sale_service.go:264.71,266.5 1 0
beidar-desktop/internal/service/sale_service.go:269.3,270.38 2 1
beidar-desktop/internal/service/sale_service.go:270.38,272.4 1 1
beidar-desktop/internal/service/sale_service.go:273.3,275.28 2 1
beidar-desktop/internal/service/sale_service.go:275.28,277.4 1 1
beidar-desktop/internal/service/sale_service.go:279.3,279.49 1 1
beidar-desktop/internal/service/sale_service.go:279.49,281.4 1 0
beidar-desktop/internal/service/sale_service.go:283.3,283.28 1 1
beidar-desktop/internal/service/sale_service.go:283.28,285.18 2 1
beidar-desktop/internal/service/sale_service.go:285.18,294.39 3 1
beidar-desktop/internal/service/sale_service.go:294.39,296.6 1 1
beidar-desktop/internal/service/sale_service.go:296.11,296.51 1 1
beidar-desktop/internal/service/sale_service.go:296.51,297.37 1 1
beidar-desktop/internal/service/sale_service.go:297.37,299.7 1 1
beidar-desktop/internal/service/sale_service.go:299.12,301.7 1 0
beidar-desktop/internal/service/sale_service.go:302.11,302.73 1 1
beidar-desktop/internal/service/sale_service.go:302.73,304.6 1 0
beidar-desktop/internal/service/sale_service.go:306.5,306.25 1 1
beidar-desktop/internal/service/sale_service.go:306.25,308.6 1 1
beidar-desktop/internal/service/sale_service.go:309.5,309.36 1 1
beidar-desktop/internal/service/sale_service.go:309.36,311.6 1 1
beidar-desktop/internal/service/sale_service.go:313.5,313.72 1 1
beidar-desktop/internal/service/sale_service.go:313.72,315.6 1 0
beidar-desktop/internal/service/sale_service.go:319.3,319.64 1 1
beidar-desktop/internal/service/sale_service.go:319.64,320.50 1 0
beidar-desktop/internal/service/sale_service.go:320.50,321.19 1 0
beidar-desktop/internal/service/sale_service.go:321.19,331.59 2 0
beidar-desktop/internal/service/sale_service.go:331.59,333.7 1 0
beidar-desktop/internal/service/sale_service.go:336.9,345.57 2 1
beidar-desktop/internal/service/sale_service.go:345.57,347.5 1 0
beidar-desktop/internal/service/sale_service.go:350.3,351.35 2 1
beidar-desktop/internal/service/sale_service.go:351.35,353.4 1 1
beidar-desktop/internal/service/sale_service.go:353.9,353.71 1 1
beidar-desktop/internal/service/sale_service.go:353.71,355.4 1 0
beidar-desktop/internal/service/sale_service.go:357.3,359.92 2 1
beidar-desktop/internal/service/sale_service.go:359.92,361.4 1 0
beidar-desktop/internal/service/sale_service.go:363.3,365.13 2 1
beidar-desktop/internal/service/sale_service.go:367.2,367.43 1 1
beidar-desktop/internal/service/sale_service.go:367.43,369.3 1 1
beidar-desktop/internal/service/sale_service.go:370.2,370.12 1 1
beidar-desktop/internal/service/sale_service.go:373.51,374.57 1 1
beidar-desktop/internal/service/sale_service.go:374.57,381.17 6 1
beidar-desktop/internal/service/sale_service.go:381.17,383.4 1 1
beidar-desktop/internal/service/sale_service.go:385.3,385.32 1 1
beidar-desktop/internal/service/sale_service.go:385.32,387.4 1 1
beidar-desktop/internal/service/sale_service.go:389.3,390.35 2 1
beidar-desktop/internal/service/sale_service.go:390.35,392.4 1 1
beidar-desktop/internal/service/sale_service.go:393.3,395.17 3 1
beidar-desktop/internal/service/sale_service.go:395.17,396.34 1 1
beidar-desktop/internal/service/sale_service.go:396.34,398.5 1 1
beidar-desktop/internal/service/sale_service.go:401.3,401.35 1 1
beidar-desktop/internal/service/sale_service.go:401.35,403.18 2 1
beidar-desktop/internal/service/sale_service.go:403.18,405.5 1 0
beidar-desktop/internal/service/sale_service.go:407.4,408.58 2 1
beidar-desktop/internal/service/sale_service.go:408.58,410.5 1 1
beidar-desktop/internal/service/sale_service.go:412.4,420.71 2 1
beidar-desktop/internal/service/sale_service.go:420.71,422.5 1 0
beidar-desktop/internal/service/sale_service.go:425.3,425.28 1 1
beidar-desktop/internal/service/sale_service.go:425.28,427.27 2 1
beidar-desktop/internal/service/sale_service.go:427.27,429.5 1 0
beidar-desktop/internal/service/sale_service.go:431.4,431.89 1 1
beidar-desktop/internal/service/sale_service.go:431.89,433.5 1 0
beidar-desktop/internal/service/sale_service.go:434.4,434.88 1 1
beidar-desktop/internal/service/sale_service.go:434.88,436.5 1 0
beidar-desktop/internal/service/sale_service.go:438.4,438.30 1 1
beidar-desktop/internal/service/sale_service.go:439.18,440.85 1 1
beidar-desktop/internal/service/sale_service.go:440.85,442.6 1 0
beidar-desktop/internal/service/sale_service.go:443.23,445.36 2 0
beidar-desktop/internal/service/sale_service.go:445.36,447.6 1 0
beidar-desktop/internal/service/sale_service.go:448.5,448.103 1 0
beidar-desktop/internal/service/sale_service.go:448.103,450.6 1 0
beidar-desktop/internal/service/sale_service.go:454.3,454.67 1 1
beidar-desktop/internal/service/sale_service.go:454.67,463.63 2 1
beidar-desktop/internal/service/sale_service.go:463.63,465.5 1 0
beidar-desktop/internal/service/sale_service.go:468.3,469.49 2 1
beidar-desktop/internal/service/sale_service.go:469.49,471.4 1 0
beidar-desktop/internal/service/sale_service.go:473.3,473.13 1 1
beidar-desktop/internal/service/sale_service.go:475.2,475.43 1 1
beidar-desktop/internal/service/sale_service.go:475.43,477.3 1 1
beidar-desktop/internal/service/sale_service.go:478.2,478.12 1 1
beidar-desktop/internal/service/sale_service.go:481.101,482.57 1 1
beidar-desktop/internal/service/sale_service.go:482.57,489.17 6 1
beidar-desktop/internal/service/sale_service.go:489.17,491.4 1 0
beidar-desktop/internal/service/sale_service.go:493.3,494.17 2 1
beidar-desktop/internal/service/sale_service.go:494.17,496.4 1 0
beidar-desktop/internal/service/sale_service.go:498.3,498.23 1 1
beidar-desktop/internal/service/sale_service.go:498.23,500.4 1 1
beidar-desktop/internal/service/sale_service.go:502.3,503.33 2 1
beidar-desktop/internal/service/sale_service.go:503.33,505.4 1 1
beidar-desktop/internal/service/sale_service.go:507.3,508.57 2 1
beidar-desktop/internal/service/sale_service.go:508.57,510.4 1 0
beidar-desktop/internal/service/sale_service.go:512.3,513.17 2 1
beidar-desktop/internal/service/sale_service.go:513.17,515.4 1 0
beidar-desktop/internal/service/sale_service.go:517.3,525.70 2 1
beidar-desktop/internal/service/sale_service.go:525.70,527.4 1 0
beidar-desktop/internal/service/sale_service.go:529.3,530.24 2 1
beidar-desktop/internal/service/sale_service.go:530.24,532.4 1 1
beidar-desktop/internal/service/sale_service.go:534.3,534.28 1 1
beidar-desktop/internal/service/sale_service.go:534.28,537.91 2 1
beidar-desktop/internal/service/sale_service.go:537.91,539.5 1 0
beidar-desktop/internal/service/sale_service.go:540.4,540.88 1 1
beidar-desktop/internal/service/sale_service.go:540.88,542.5 1 0
beidar-desktop/internal/service/sale_service.go:544.4,544.30 1 1
beidar-desktop/internal/service/sale_service.go:545.18,546.87 1 1
beidar-desktop/internal/service/sale_service.go:546.87,548.6 1 0
beidar-desktop/internal/service/sale_service.go:549.23,550.98 1 0
beidar-desktop/internal/service/sale_service.go:550.98,552.6 1 0
beidar-desktop/internal/service/sale_service.go:553.17,554.87 1 0
beidar-desktop/internal/service/sale_service.go:554.87,556.6 1 0
beidar-desktop/internal/service/sale_service.go:560.3,568.62 2 1
beidar-desktop/internal/service/sale_service.go:568.62,570.4 1 0
beidar-desktop/internal/service/sale_service.go:572.3,573.17 2 1
beidar-desktop/internal/service/sale_service.go:573.17,575.4 1 0
beidar-desktop/internal/service/sale_service.go:577.3,578.30 2 1
beidar-desktop/internal/service/sale_service.go:578.30,579.34 1 1
beidar-desktop/internal/service/sale_service.go:579.34,581.10 2 1
beidar-desktop/internal/service/sale_service.go:585.3,586.18 2 1
beidar-desktop/internal/service/sale_service.go:586.18,588.4 1 1
beidar-desktop/internal/service/sale_service.go:589.3,590.49 2 1
beidar-desktop/internal/service/sale_service.go:590.49,592.4 1 0
beidar-desktop/internal/service/sale_service.go:594.3,594.13 1 1
beidar-desktop/internal/service/sale_service.go:596.2,596.43 1 1
beidar-desktop/internal/service/sale_service.go:596.43,598.3 1 1
beidar-desktop/internal/service/sale_service.go:599.2,599.12 1 1
beidar-desktop/internal/service/sale_service.go:602.78,604.2 1 1
beidar-desktop/internal/service/sale_service.go:606.51,614.2 1 1
beidar-desktop/internal/service/sale_service.go:616.166,628.2 3 1
beidar-desktop/internal/service/sale_service.go:630.69,632.2 1 1
beidar-desktop/internal/service/sale_service.go:634.58,636.2 1 1
beidar-desktop/internal/service/sale_service.go:638.79,640.2 1 1
beidar-desktop/internal/service/sale_service.go:642.55,644.2 1 1
beidar-desktop/internal/service/sale_service.go:646.68,648.2 1 0
beidar-desktop/internal/service/settings_service.go:26.94,30.2 1 1
beidar-desktop/internal/service/settings_service.go:32.76,34.16 2 1
beidar-desktop/internal/service/settings_service.go:34.16,36.3 1 0
beidar-desktop/internal/service/settings_service.go:38.2,39.20 2 1
beidar-desktop/internal/service/settings_service.go:39.20,40.55 1 1
beidar-desktop/internal/service/settings_service.go:40.55,42.4 1 1
beidar-desktop/internal/service/settings_service.go:46.2,47.40 2 1
beidar-desktop/internal/service/settings_service.go:47.40,48.33 1 1
beidar-desktop/internal/service/settings_service.go:48.33,50.9 2 1
beidar-desktop/internal/service/settings_service.go:53.2,53.19 1 1
beidar-desktop/internal/service/settings_service.go:53.19,54.61 1 1
beidar-desktop/internal/service/settings_service.go:54.61,56.4 1 0
beidar-desktop/internal/service/settings_service.go:56.9,56.62 1 1
beidar-desktop/internal/service/settings_service.go:56.62,58.4 1 1
beidar-desktop/internal/service/settings_service.go:62.2,62.66 1 1
beidar-desktop/internal/service/settings_service.go:62.66,63.58 1 0
beidar-desktop/internal/service/settings_service.go:63.58,66.4 2 0
beidar-desktop/internal/service/settings_service.go:70.2,70.62 1 1
beidar-desktop/internal/service/settings_service.go:70.62,71.53 1 1
beidar-desktop/internal/service/settings_service.go:71.53,73.4 1 1
beidar-desktop/internal/service/settings_service.go:75.2,75.62 1 1
beidar-desktop/internal/service/settings_service.go:75.62,76.48 1 0
beidar-desktop/internal/service/settings_service.go:76.48,78.4 1 0
beidar-desktop/internal/service/settings_service.go:81.2,81.19 1 1
beidar-desktop/internal/service/settings_service.go:84.80,86.16 2 1
beidar-desktop/internal/service/settings_service.go:86.16,88.3 1 0
beidar-desktop/internal/service/settings_service.go:91.2,91.101 1 1
beidar-desktop/internal/service/settings_service.go:91.101,93.17 2 1
beidar-desktop/internal/service/settings_service.go:93.17,95.4 1 0
beidar-desktop/internal/service/settings_service.go:96.3,96.37 1 1
beidar-desktop/internal/service/settings_service.go:97.8,97.65 1 0
beidar-desktop/internal/service/settings_service.go:97.65,99.3 1 0
beidar-desktop/internal/service/settings_service.go:102.2,102.66 1 1
beidar-desktop/internal/service/settings_service.go:102.66,103.74 1 1
beidar-desktop/internal/service/settings_service.go:103.74,105.4 1 0
beidar-desktop/internal/service/settings_service.go:107.2,110.74 2 1
beidar-desktop/internal/service/settings_service.go:110.74,112.41 2 0
beidar-desktop/internal/service/settings_service.go:112.41,113.15 1 0
beidar-desktop/internal/service/settings_service.go:113.15,115.5 1 0
beidar-desktop/internal/service/settings_service.go:117.3,117.26 1 0
beidar-desktop/internal/service/settings_service.go:117.26,120.4 2 0
beidar-desktop/internal/service/settings_service.go:122.2,125.62 2 1
beidar-desktop/internal/service/settings_service.go:125.62,126.70 1 1
beidar-desktop/internal/service/settings_service.go:126.70,128.4 1 0
beidar-desktop/internal/service/settings_service.go:130.2,132.39 2 1
beidar-desktop/internal/service/settings_service.go:135.59,137.16 2 1
beidar-desktop/internal/service/settings_service.go:137.16,139.3 1 0
beidar-desktop/internal/service/settings_service.go:140.2,140.26 1 1
beidar-desktop/internal/service/settings_service.go:140.26,142.3 1 0
beidar-desktop/internal/service/settings_service.go:143.2,144.19 2 1
beidar-desktop/internal/service/settings_service.go:147.57,149.16 2 1
beidar-desktop/internal/service/settings_service.go:149.16,151.3 1 0
beidar-desktop/internal/service/settings_service.go:153.2,154.50 2 1
beidar-desktop/internal/service/settings_service.go:154.50,156.3 1 0
beidar-desktop/internal/service/settings_service.go:158.2,161.49 2 1
beidar-desktop/internal/service/settings_service.go:161.49,163.37 2 1
beidar-desktop/internal/service/settings_service.go:163.37,165.4 1 1
beidar-desktop/internal/service/settings_service.go:169.2,172.72 2 1
beidar-desktop/internal/service/settings_service.go:172.72,174.3 1 0
beidar-desktop/internal/service/settings_service.go:176.2,176.19 1 1
beidar-desktop/internal/service/settings_service.go:179.53,181.2 1 1
beidar-desktop/internal/service/settings_service.go:183.51,185.2 1 1
beidar-desktop/internal/service/settings_service.go:187.52,189.2 1 1
beidar-desktop/internal/service/settings_service.go:191.63,193.2 1 1
beidar-desktop/internal/service/settings_service.go:195.82,197.2 1 1
beidar-desktop/internal/service/settings_service.go:199.53,201.2 1 1
beidar-desktop/internal/service/settings_service.go:203.73,205.16 2 1
beidar-desktop/internal/service/settings_service.go:205.16,207.3 1 0
beidar-desktop/internal/service/settings_service.go:208.2,208.17 1 1
beidar-desktop/internal/service/settings_service.go:208.17,210.3 1 1
beidar-desktop/internal/service/settings_service.go:211.2,222.8 1 0
beidar-desktop/internal/service/settings_service.go:225.65,228.24 3 1
beidar-desktop/internal/service/settings_service.go:228.24,241.3 1 0
beidar-desktop/internal/service/settings_service.go:242.2,253.3 1 1
beidar-desktop/internal/service/settings_service.go:256.88,258.2 1 1
beidar-desktop/internal/service/settings_service.go:260.69,262.2 1 1
beidar-desktop/internal/service/settings_service.go:264.61,266.2 1 1
beidar-desktop/internal/service/settings_service.go:281.30,282.59 1 1
beidar-desktop/internal/service/settings_service.go:282.59,284.3 1 1
beidar-desktop/internal/service/settings_service.go:285.2,285.11 1 0
beidar-desktop/internal/service/settings_service.go:288.30,289.59 1 1
beidar-desktop/internal/service/settings_service.go:289.59,291.3 1 1
beidar-desktop/internal/service/settings_service.go:292.2,292.11 1 0
beidar-desktop/internal/service/settings_service.go:295.65,299.32 3 1
beidar-desktop/internal/service/settings_service.go:299.32,301.3 1 0
beidar-desktop/internal/service/settings_service.go:303.2,305.16 3 1
beidar-desktop/internal/service/settings_service.go:305.16,307.3 1 0
beidar-desktop/internal/service/settings_service.go:309.2,314.16 5 1
beidar-desktop/internal/service/settings_service.go:314.16,316.3 1 0
beidar-desktop/internal/service/settings_service.go:317.2,319.38 2 1
beidar-desktop/internal/service/settings_service.go:319.38,321.3 1 1
beidar-desktop/internal/service/settings_service.go:323.2,324.68 2 1
beidar-desktop/internal/service/settings_service.go:324.68,326.3 1 0
beidar-desktop/internal/service/settings_service.go:328.2,328.23 1 1
beidar-desktop/internal/service/settings_service.go:328.23,330.3 1 0
beidar-desktop/internal/service/settings_service.go:332.2,333.66 2 1
beidar-desktop/internal/service/settings_service.go:333.66,336.80 2 0
beidar-desktop/internal/service/settings_service.go:336.80,338.4 1 0
beidar-desktop/internal/service/settings_service.go:339.3,339.18 1 0
beidar-desktop/internal/service/settings_service.go:342.2,342.31 1 1
beidar-desktop/internal/service/settings_service.go:345.67,349.32 3 1
beidar-desktop/internal/service/settings_service.go:349.32,351.3 1 0
beidar-desktop/internal/service/settings_service.go:353.2,355.16 3 1
beidar-desktop/internal/service/settings_service.go:355.16,357.3 1 0
beidar-desktop/internal/service/settings_service.go:359.2,364.16 5 1
beidar-desktop/internal/service/settings_service.go:364.16,366.3 1 0
beidar-desktop/internal/service/settings_service.go:367.2,369.38 2 1
beidar-desktop/internal/service/settings_service.go:369.38,371.3 1 0
beidar-desktop/internal/service/settings_service.go:373.2,374.68 2 1
beidar-desktop/internal/service/settings_service.go:374.68,376.3 1 0
beidar-desktop/internal/service/settings_service.go:378.2,378.23 1 1
beidar-desktop/internal/service/settings_service.go:378.23,380.3 1 0
beidar-desktop/internal/service/settings_service.go:382.2,383.66 2 1
beidar-desktop/internal/service/settings_service.go:383.66,385.3 1 0
beidar-desktop/internal/service/settings_service.go:387.2,387.29 1 1
beidar-desktop/internal/service/settings_service.go:390.83,394.32 3 1
beidar-desktop/internal/service/settings_service.go:394.32,396.3 1 0
beidar-desktop/internal/service/settings_service.go:398.2,398.21 1 1
beidar-desktop/internal/service/settings_service.go:398.21,400.3 1 1
beidar-desktop/internal/service/settings_service.go:403.2,406.16 4 1
beidar-desktop/internal/service/settings_service.go:406.16,410.97 4 1
beidar-desktop/internal/service/settings_service.go:410.97,412.99 2 1
beidar-desktop/internal/service/settings_service.go:412.99,414.5 1 1
beidar-desktop/internal/service/settings_service.go:415.4,415.24 1 1
beidar-desktop/internal/service/settings_service.go:420.2,424.16 4 1
beidar-desktop/internal/service/settings_service.go:424.16,426.3 1 0
beidar-desktop/internal/service/settings_service.go:428.2,434.16 3 1
beidar-desktop/internal/service/settings_service.go:434.16,436.3 1 0
beidar-desktop/internal/service/settings_service.go:437.2,438.16 2 1
beidar-desktop/internal/service/settings_service.go:438.16,440.3 1 0
beidar-desktop/internal/service/settings_service.go:442.2,448.16 6 1
beidar-desktop/internal/service/settings_service.go:448.16,450.3 1 0
beidar-desktop/internal/service/settings_service.go:451.2,453.28 2 1
beidar-desktop/internal/service/settings_service.go:453.28,455.3 1 1
beidar-desktop/internal/service/settings_service.go:457.2,457.12 1 1
beidar-desktop/internal/service/settings_service.go:460.85,464.32 3 1
beidar-desktop/internal/service/settings_service.go:464.32,466.3 1 0
beidar-desktop/internal/service/settings_service.go:468.2,468.21 1 1
beidar-desktop/internal/service/settings_service.go:468.21,470.3 1 1
beidar-desktop/internal/service/settings_service.go:473.2,476.16 4 1
beidar-desktop/internal/service/settings_service.go:476.16,480.97 4 1
beidar-desktop/internal/service/settings_service.go:480.97,482.99 2 1
beidar-desktop/internal/service/settings_service.go:482.99,484.5 1 1
beidar-desktop/internal/service/settings_service.go:485.4,485.24 1 1
beidar-desktop/internal/service/settings_service.go:490.2,494.16 4 1
beidar-desktop/internal/service/settings_service.go:494.16,496.3 1 0
beidar-desktop/internal/service/settings_service.go:498.2,504.16 3 1
beidar-desktop/internal/service/settings_service.go:504.16,506.3 1 0
beidar-desktop/internal/service/settings_service.go:507.2,508.16 2 1
beidar-desktop/internal/service/settings_service.go:508.16,510.3 1 0
beidar-desktop/internal/service/settings_service.go:512.2,518.16 6 1
beidar-desktop/internal/service/settings_service.go:518.16,520.3 1 0
beidar-desktop/internal/service/settings_service.go:521.2,523.28 2 1
beidar-desktop/internal/service/settings_service.go:523.28,525.3 1 0
beidar-desktop/internal/service/settings_service.go:527.2,527.12 1 1
beidar-desktop/internal/service/staff_service.go:44.76,48.2 1 1
beidar-desktop/internal/service/staff_service.go:57.80,59.16 2 1
beidar-desktop/internal/service/staff_service.go:59.16,61.3 1 1
beidar-desktop/internal/service/staff_service.go:63.2,63.45 1 1
beidar-desktop/internal/service/staff_service.go:63.45,66.15 3 1
beidar-desktop/internal/service/staff_service.go:66.15,68.4 1 0
beidar-desktop/internal/service/staff_service.go:69.3,69.68 1 1
beidar-desktop/internal/service/staff_service.go:72.2,72.23 1 1
beidar-desktop/internal/service/staff_service.go:75.86,77.16 2 1
beidar-desktop/internal/service/staff_service.go:77.16,85.3 2 1
beidar-desktop/internal/service/staff_service.go:87.2,90.37 3 1
beidar-desktop/internal/service/staff_service.go:90.37,93.3 2 1
beidar-desktop/internal/service/staff_service.go:95.2,95.46 1 1
beidar-desktop/internal/service/staff_service.go:98.68,100.2 1 1
beidar-desktop/internal/service/staff_service.go:102.96,103.25 1 1
beidar-desktop/internal/service/staff_service.go:103.25,111.3 1 1
beidar-desktop/internal/service/staff_service.go:113.2,113.57 1 1
beidar-desktop/internal/service/staff_service.go:113.57,121.3 1 1
beidar-desktop/internal/service/staff_service.go:123.2,124.21 2 1
beidar-desktop/internal/service/staff_service.go:124.21,132.3 1 0
beidar-desktop/internal/service/staff_service.go:134.2,134.20 1 1
beidar-desktop/internal/service/staff_service.go:134.20,142.3 1 1
beidar-desktop/internal/service/staff_service.go:144.2,144.36 1 1
beidar-desktop/internal/service/staff_service.go:144.36,145.24 1 1
beidar-desktop/internal/service/staff_service.go:145.24,153.4 1 1
beidar-desktop/internal/service/staff_service.go:154.8,155.25 1 1
beidar-desktop/internal/service/staff_service.go:155.25,163.4 1 0
beidar-desktop/internal/service/staff_service.go:164.3,164.30 1 1
beidar-desktop/internal/service/staff_service.go:164.30,165.26 1 1
beidar-desktop/internal/service/staff_service.go:165.26,173.5 1 1
beidar-desktop/internal/service/staff_service.go:175.3,175.44 1 1
beidar-desktop/internal/service/staff_service.go:175.44,183.4 1 0
beidar-desktop/internal/service/staff_service.go:186.2,186.23 1 1
beidar-desktop/internal/service/staff_service.go:186.23,187.35 1 1
beidar-desktop/internal/service/staff_service.go:187.35,195.4 1 1
beidar-desktop/internal/service/staff_service.go:198.2,198.23 1 1
beidar-desktop/internal/service/staff_service.go:198.23,199.40 1 1
beidar-desktop/internal/service/staff_service.go:199.40,207.4 1 1
beidar-desktop/internal/service/staff_service.go:210.2,210.20 1 1
beidar-desktop/internal/service/staff_service.go:210.20,212.3 1 1
beidar-desktop/internal/service/staff_service.go:213.2,218.24 5 1
beidar-desktop/internal/service/staff_service.go:218.24,226.3 1 1
beidar-desktop/internal/service/staff_service.go:228.2,229.16 2 1
beidar-desktop/internal/service/staff_service.go:229.16,237.3 1 0
beidar-desktop/internal/service/staff_service.go:238.2,241.33 3 1
beidar-desktop/internal/service/staff_service.go:241.33,243.3 1 1
beidar-desktop/internal/service/staff_service.go:245.2,245.51 1 1
beidar-desktop/internal/service/staff_service.go:245.51,247.3 1 0
beidar-desktop/internal/service/staff_service.go:248.2,248.20 1 1
beidar-desktop/internal/service/staff_service.go:251.62,252.20 1 1
beidar-desktop/internal/service/staff_service.go:252.20,260.3 1 1
beidar-desktop/internal/service/staff_service.go:262.2,262.25 1 1
beidar-desktop/internal/service/staff_service.go:262.25,270.3 1 1
beidar-desktop/internal/service/staff_service.go:272.2,272.57 1 1
beidar-desktop/internal/service/staff_service.go:272.57,280.3 1 1
beidar-desktop/internal/service/staff_service.go:282.2,283.48 2 1
beidar-desktop/internal/service/staff_service.go:283.48,291.3 1 1
beidar-desktop/internal/service/staff_service.go:293.2,293.55 1 1
beidar-desktop/internal/service/staff_service.go:293.55,301.3 1 1
beidar-desktop/internal/service/staff_service.go:303.2,303.60 1 1
beidar-desktop/internal/service/staff_service.go:303.60,311.3 1 1
beidar-desktop/internal/service/staff_service.go:313.2,314.16 2 1
beidar-desktop/internal/service/staff_service.go:314.16,322.3 1 0
beidar-desktop/internal/service/staff_service.go:324.2,324.72 1 1
beidar-desktop/internal/service/staff_service.go:324.72,326.36 2 1
beidar-desktop/internal/service/staff_service.go:326.36,334.4 1 1
beidar-desktop/internal/service/staff_service.go:338.2,338.62 1 1
beidar-desktop/internal/service/staff_service.go:338.62,340.57 2 0
beidar-desktop/internal/service/staff_service.go:340.57,348.4 1 0
beidar-desktop/internal/service/staff_service.go:351.2,359.35 9 1
beidar-desktop/internal/service/staff_service.go:359.35,361.3 1 0
beidar-desktop/internal/service/staff_service.go:363.2,363.36 1 1
beidar-desktop/internal/service/staff_service.go:366.81,368.16 2 1
beidar-desktop/internal/service/staff_service.go:368.16,376.3 1 1
beidar-desktop/internal/service/staff_service.go:378.2,378.36 1 1
beidar-desktop/internal/service/staff_service.go:378.36,379.27 1 1
beidar-desktop/internal/service/staff_service.go:379.27,387.4 1 0
beidar-desktop/internal/service/staff_service.go:388.8,389.28 1 1
beidar-desktop/internal/service/staff_service.go:389.28,397.4 1 1
beidar-desktop/internal/service/staff_service.go:398.3,398.33 1 1
beidar-desktop/internal/service/staff_service.go:398.33,399.26 1 1
beidar-desktop/internal/service/staff_service.go:399.26,407.5 1 1
beidar-desktop/internal/service/staff_service.go:409.3,409.47 1 1
beidar-desktop/internal/service/staff_service.go:409.47,417.4 1 1
beidar-desktop/internal/service/staff_service.go:420.2,422.48 3 1
beidar-desktop/internal/service/staff_service.go:422.48,430.3 1 1
beidar-desktop/internal/service/staff_service.go:432.2,433.16 2 1
beidar-desktop/internal/service/staff_service.go:433.16,435.3 1 0
beidar-desktop/internal/service/staff_service.go:437.2,441.34 4 1
beidar-desktop/internal/service/staff_service.go:444.65,446.16 2 1
beidar-desktop/internal/service/staff_service.go:446.16,454.3 1 1
beidar-desktop/internal/service/staff_service.go:456.2,456.36 1 1
beidar-desktop/internal/service/staff_service.go:456.36,458.36 2 1
beidar-desktop/internal/service/staff_service.go:458.36,466.4 1 1
beidar-desktop/internal/service/staff_service.go:469.2,470.16 2 1
beidar-desktop/internal/service/staff_service.go:470.16,472.3 1 0
beidar-desktop/internal/service/staff_service.go:474.2,475.16 2 1
beidar-desktop/internal/service/staff_service.go:475.16,477.3 1 0
beidar-desktop/internal/service/staff_service.go:479.2,481.33 2 1
beidar-desktop/internal/service/staff_service.go:481.33,484.51 2 1
beidar-desktop/internal/service/staff_service.go:484.51,486.4 1 0
beidar-desktop/internal/service/staff_service.go:487.3,487.13 1 1
beidar-desktop/internal/service/staff_service.go:490.2,490.47 1 1
beidar-desktop/internal/service/staff_service.go:490.47,492.3 1 0
beidar-desktop/internal/service/staff_service.go:493.2,493.12 1 1
beidar-desktop/internal/service/staff_service.go:496.67,498.2 1 1
beidar-desktop/internal/service/staff_service.go:500.62,502.2 1 1
beidar-desktop/internal/service/staff_service.go:504.65,506.2 1 1
beidar-desktop/internal/service/staff_service.go:508.59,510.16 2 1
beidar-desktop/internal/service/staff_service.go:510.16,512.3 1 0
beidar-desktop/internal/service/staff_service.go:513.2,514.34 2 1
beidar-desktop/internal/service/staff_service.go:517.102,519.16 2 1
beidar-desktop/internal/service/staff_service.go:519.16,521.3 1 0
beidar-desktop/internal/service/staff_service.go:522.2,522.12 1 1
beidar-desktop/internal/service/staff_service.go:522.12,524.3 1 1
beidar-desktop/internal/service/staff_service.go:526.2,527.33 2 1
beidar-desktop/internal/service/staff_service.go:527.33,531.3 3 0
beidar-desktop/internal/service/staff_service.go:533.2,533.100 1 1
beidar-desktop/internal/service/staff_service.go:533.100,538.35 4 1
beidar-desktop/internal/service/staff_service.go:538.35,540.21 2 1
beidar-desktop/internal/service/staff_service.go:540.21,542.5 1 1
beidar-desktop/internal/service/staff_service.go:544.3,544.98 1 1
beidar-desktop/internal/service/staff_service.go:547.2,559.8 5 1
beidar-desktop/internal/service/staff_service.go:562.82,565.16 3 1
beidar-desktop/internal/service/staff_service.go:565.16,567.3 1 0
beidar-desktop/internal/service/staff_service.go:568.2,568.12 1 1
beidar-desktop/internal/service/staff_service.go:568.12,570.3 1 0
beidar-desktop/internal/service/staff_service.go:572.2,573.36 2 1
beidar-desktop/internal/service/staff_service.go:573.36,574.100 1 1
beidar-desktop/internal/service/staff_service.go:574.100,586.4 5 1
beidar-desktop/internal/service/staff_service.go:590.2,591.16 2 1
beidar-desktop/internal/service/staff_service.go:591.16,593.3 1 0
beidar-desktop/internal/service/staff_service.go:595.2,595.33 1 1
beidar-desktop/internal/service/staff_service.go:595.33,596.48 1 1
beidar-desktop/internal/service/staff_service.go:596.48,597.94 1 1
beidar-desktop/internal/service/staff_service.go:597.94,614.5 7 1
beidar-desktop/internal/service/staff_service.go:618.2,622.34 4 1
beidar-desktop/internal/service/staff_service.go:622.34,624.20 2 1
beidar-desktop/internal/service/staff_service.go:624.20,626.4 1 1
beidar-desktop/internal/service/staff_service.go:629.2,629.89 1 0
beidar-desktop/internal/service/staff_service.go:632.80,634.16 2 1
beidar-desktop/internal/service/staff_service.go:634.16,636.3 1 0
beidar-desktop/internal/service/staff_service.go:638.2,638.33 1 1
beidar-desktop/internal/service/staff_service.go:638.33,640.3 1 0
beidar-desktop/internal/service/staff_service.go:642.2,642.35 1 1
beidar-desktop/internal/service/staff_service.go:642.35,643.22 1 1
beidar-desktop/internal/service/staff_service.go:643.22,645.4 1 1
beidar-desktop/internal/service/staff_service.go:647.2,647.19 1 1
beidar-desktop/internal/service/staff_service.go:650.49,652.16 2 1
beidar-desktop/internal/service/staff_service.go:652.16,654.3 1 0
beidar-desktop/internal/service/staff_service.go:656.2,656.16 1 1
beidar-desktop/internal/service/staff_service.go:656.16,665.17 3 1
beidar-desktop/internal/service/staff_service.go:665.17,667.4 1 0
beidar-desktop/internal/service/staff_service.go:669.2,669.12 1 1
beidar-desktop/internal/service/staff_service.go:675.56,677.2 1 1
beidar-desktop/internal/service/staff_service.go:679.61,681.26 2 1
beidar-desktop/internal/service/staff_service.go:681.26,682.27 1 1
beidar-desktop/internal/service/staff_service.go:682.27,684.4 1 1
beidar-desktop/internal/service/staff_service.go:686.2,686.24 1 1
beidar-desktop/internal/service/staff_service.go:686.24,688.3 1 1
beidar-desktop/internal/service/staff_service.go:689.2,689.47 1 1
beidar-desktop/internal/service/staff_service.go:692.59,697.2 4 1
beidar-desktop/internal/service/staff_service.go:699.72,701.2 1 1
beidar-desktop/internal/service/staff_service.go:703.55,705.2 1 1
beidar-desktop/internal/service/staff_service.go:707.77,709.16 2 1
beidar-desktop/internal/service/staff_service.go:709.16,711.3 1 1
beidar-desktop/internal/service/staff_service.go:712.2,712.25 1 1
beidar-desktop/internal/service/staff_service.go:712.25,714.3 1 1
beidar-desktop/internal/service/staff_service.go:719.2,719.30 1 0
beidar-desktop/internal/service/staff_service.go:719.30,721.30 2 0
beidar-desktop/internal/service/staff_service.go:721.30,722.83 1 0
beidar-desktop/internal/service/staff_service.go:722.83,724.5 1 0
beidar-desktop/internal/service/staff_service.go:727.2,727.19 1 0
beidar-desktop/internal/service/stats_service.go:27.76,29.2 1 1
beidar-desktop/internal/service/stats_service.go:31.102,32.15 1 1
beidar-desktop/internal/service/stats_service.go:32.15,33.31 1 1
beidar-desktop/internal/service/stats_service.go:33.31,35.4 1 0
beidar-desktop/internal/service/stats_service.go:38.2,43.16 4 1
beidar-desktop/internal/service/stats_service.go:43.16,45.3 1 0
beidar-desktop/internal/service/stats_service.go:46.2,55.16 8 1
beidar-desktop/internal/service/stats_service.go:55.16,57.3 1 0
beidar-desktop/internal/service/stats_service.go:58.2,62.16 3 1
beidar-desktop/internal/service/stats_service.go:62.16,64.3 1 0
beidar-desktop/internal/service/stats_service.go:65.2,69.16 3 1
beidar-desktop/internal/service/stats_service.go:69.16,71.3 1 0
beidar-desktop/internal/service/stats_service.go:72.2,81.16 6 1
beidar-desktop/internal/service/stats_service.go:81.16,83.3 1 0
beidar-desktop/internal/service/stats_service.go:84.2,89.29 3 1
beidar-desktop/internal/service/stats_service.go:89.29,91.3 1 0
beidar-desktop/internal/service/stats_service.go:92.2,92.31 1 1
beidar-desktop/internal/service/stats_service.go:92.31,94.3 1 0
beidar-desktop/internal/service/stats_service.go:95.2,95.30 1 1
beidar-desktop/internal/service/stats_service.go:95.30,97.3 1 0
beidar-desktop/internal/service/stats_service.go:98.2,98.35 1 1
beidar-desktop/internal/service/stats_service.go:98.35,100.3 1 0
beidar-desktop/internal/service/stats_service.go:102.2,102.19 1 1
beidar-desktop/internal/service/stats_service.go:105.85,109.19 3 1
beidar-desktop/internal/service/stats_service.go:110.14,112.23 2 1
beidar-desktop/internal/service/stats_service.go:113.15,115.26 2 1
beidar-desktop/internal/service/stats_service.go:116.10,118.26 2 1
beidar-desktop/internal/service/stats_service.go:121.2,123.16 3 1
beidar-desktop/internal/service/stats_service.go:123.16,125.3 1 0
beidar-desktop/internal/service/stats_service.go:127.2,128.28 2 1
beidar-desktop/internal/service/stats_service.go:128.28,130.3 1 1
beidar-desktop/internal/service/stats_service.go:132.2,134.19 2 1
beidar-desktop/internal/service/stats_service.go:135.14,137.27 2 1
beidar-desktop/internal/service/stats_service.go:137.27,145.4 4 1
beidar-desktop/internal/service/stats_service.go:146.15,148.27 2 1
beidar-desktop/internal/service/stats_service.go:148.27,156.4 4 1
beidar-desktop/internal/service/stats_service.go:157.10,159.26 2 1
beidar-desktop/internal/service/stats_service.go:159.26,167.4 4 1
beidar-desktop/internal/service/stats_service.go:170.2,170.18 1 1
beidar-desktop/internal/service/stats_service.go:173.82,191.16 9 1
beidar-desktop/internal/service/stats_service.go:191.16,193.3 1 0
beidar-desktop/internal/service/stats_service.go:194.2,204.16 3 1
beidar-desktop/internal/service/stats_service.go:204.16,206.3 1 0
beidar-desktop/internal/service/stats_service.go:207.2,213.42 2 1
beidar-desktop/internal/service/stats_service.go:213.42,215.3 1 0
beidar-desktop/internal/service/stats_service.go:216.2,216.41 1 1
beidar-desktop/internal/service/stats_service.go:216.41,218.3 1 0
beidar-desktop/internal/service/stats_service.go:219.2,219.45 1 1
beidar-desktop/internal/service/stats_service.go:219.45,221.3 1 0
beidar-desktop/internal/service/stats_service.go:223.2,223.24 1 1
beidar-desktop/internal/service/stats_service.go:226.151,228.16 2 1
beidar-desktop/internal/service/stats_service.go:228.16,230.3 1 1
beidar-desktop/internal/service/stats_service.go:232.2,239.3 1 1
